#
# There is insufficient memory for the Java Runtime Environment to continue.
# Native memory allocation (malloc) failed to allocate 1422448 bytes for Chunk::new
# Possible reasons:
#   The system is out of physical RAM or swap space
#   The process is running with CompressedOops enabled, and the Java Heap may be blocking the growth of the native heap
# Possible solutions:
#   Reduce memory load on the system
#   Increase physical memory or swap space
#   Check if swap backing store is full
#   Decrease Java heap size (-Xmx/-Xms)
#   Decrease number of Java threads
#   Decrease Java thread stack sizes (-Xss)
#   Set larger code cache with -XX:ReservedCodeCacheSize=
#   JVM is running with Unscaled Compressed Oops mode in which the Java heap is
#     placed in the first 4GB address space. The Java Heap base address is the
#     maximum limit for the native heap growth. Please use -XX:HeapBaseMinAddress
#     to set the Java Heap base and to place the Java Heap above 4GB virtual address.
# This output file may be truncated or incomplete.
#
#  Out of Memory Error (arena.cpp:189), pid=5240, tid=7040
#
# JRE version: OpenJDK Runtime Environment (17.0.6) (build 17.0.6+0-b2043.56-10027231)
# Java VM: OpenJDK 64-Bit Server VM (17.0.6+0-b2043.56-10027231, mixed mode, tiered, compressed oops, compressed class ptrs, g1 gc, windows-amd64)
# No core dump will be written. Minidumps are not enabled by default on client versions of Windows
#

---------------  S U M M A R Y ------------

Command Line: --add-opens=java.base/java.util=ALL-UNNAMED --add-opens=java.base/java.lang=ALL-UNNAMED --add-opens=java.base/java.lang.invoke=ALL-UNNAMED --add-opens=java.prefs/java.util.prefs=ALL-UNNAMED --add-opens=java.base/java.nio.charset=ALL-UNNAMED --add-opens=java.base/java.net=ALL-UNNAMED --add-opens=java.base/java.util.concurrent.atomic=ALL-UNNAMED -Xmx2048m -Dfile.encoding=UTF-8 -Duser.country=RU -Duser.language=ru -Duser.variant org.gradle.launcher.daemon.bootstrap.GradleDaemon 8.0

Host: Intel(R) Core(TM) i5-1035G1 CPU @ 1.00GHz, 8 cores, 7G,  Windows 10 , 64 bit Build 19041 (10.0.19041.3636)
Time: Wed Dec 20 03:43:28 2023  Windows 10 , 64 bit Build 19041 (10.0.19041.3636) elapsed time: 36.690906 seconds (0d 0h 0m 36s)

---------------  T H R E A D  ---------------

Current thread (0x00000213b9049020):  JavaThread "C2 CompilerThread0" daemon [_thread_in_native, id=7040, stack(0x0000003b8cb00000,0x0000003b8cc00000)]


Current CompileTask:
C2:  36691 9107   !   4       org.gradle.internal.classloader.CachingClassLoader::loadClass (85 bytes)

Stack: [0x0000003b8cb00000,0x0000003b8cc00000]
Native frames: (J=compiled Java code, j=interpreted, Vv=VM code, C=native code)
V  [jvm.dll+0x683c9a]
V  [jvm.dll+0x8427a4]
V  [jvm.dll+0x843f9e]
V  [jvm.dll+0x844603]
V  [jvm.dll+0x249b75]
V  [jvm.dll+0xabcac]
V  [jvm.dll+0xac27c]
V  [jvm.dll+0x368857]
V  [jvm.dll+0x332f31]
V  [jvm.dll+0x3323da]
V  [jvm.dll+0x21c201]
V  [jvm.dll+0x21b621]
V  [jvm.dll+0x1a4fdd]
V  [jvm.dll+0x22b098]
V  [jvm.dll+0x229159]
V  [jvm.dll+0x7f81ec]
V  [jvm.dll+0x7f274a]
V  [jvm.dll+0x682ad5]
C  [ucrtbase.dll+0x21bb2]
C  [KERNEL32.DLL+0x17344]
C  [ntdll.dll+0x526b1]


---------------  P R O C E S S  ---------------

Threads class SMR info:
_java_thread_list=0x00000213bfcab2f0, length=127, elements={
0x000002139c6adff0, 0x00000213b9012610, 0x00000213b8753be0, 0x00000213b877d3d0,
0x00000213b877dd90, 0x00000213b877e650, 0x00000213b8774f10, 0x00000213b9049020,
0x00000213b9049920, 0x00000213b904c230, 0x00000213b91c28a0, 0x00000213b91db840,
0x00000213ba830030, 0x00000213ba94c6e0, 0x00000213bac1c7f0, 0x00000213bab22230,
0x00000213bab22f10, 0x00000213bab845a0, 0x00000213ba9a7040, 0x00000213bac4ba60,
0x00000213bac4a720, 0x00000213bac4d270, 0x00000213bac4c400, 0x00000213bac4c8d0,
0x00000213bac4cda0, 0x00000213bac4d740, 0x00000213bac4dc10, 0x00000213bac4abf0,
0x00000213bac4b590, 0x00000213bac4b0c0, 0x00000213bac4bf30, 0x00000213bac4a250,
0x00000213bbca5e90, 0x00000213bbca6830, 0x00000213bbca76a0, 0x00000213bbca9d20,
0x00000213bbca6d00, 0x00000213bbca7b70, 0x00000213bbca54f0, 0x00000213bbcac3a0,
0x00000213bbca8040, 0x00000213bbca8510, 0x00000213bbca89e0, 0x00000213bbcaa6c0,
0x00000213bbca6360, 0x00000213bbcabed0, 0x00000213bbca8eb0, 0x00000213bbcacd40,
0x00000213bbca9380, 0x00000213bbca9850, 0x00000213bbcaa1f0, 0x00000213bbcaab90,
0x00000213bbcab060, 0x00000213bbcaba00, 0x00000213bbcab530, 0x00000213bc46c3b0,
0x00000213bc46cd50, 0x00000213bc46ea30, 0x00000213bc46d220, 0x00000213bc46e090,
0x00000213bc46d6f0, 0x00000213bc46dbc0, 0x00000213bc46e560, 0x00000213bc46c880,
0x00000213bc46b070, 0x00000213bc46b540, 0x00000213bc46ba10, 0x00000213bc46bee0,
0x00000213bbbed2f0, 0x00000213bbbebae0, 0x00000213bbbeac70, 0x00000213bbbe7780,
0x00000213bbbee160, 0x00000213bbbee630, 0x00000213bbbeb140, 0x00000213bbbeb610,
0x00000213bbbe9e00, 0x00000213bbbebfb0, 0x00000213bbbec480, 0x00000213bbbe8120,
0x00000213bbbec950, 0x00000213bbbe9460, 0x00000213bbbece20, 0x00000213bbbe8ac0,
0x00000213bbbe7c50, 0x00000213bbbed7c0, 0x00000213bbbedc90, 0x00000213bbbeeb00,
0x00000213bbbe85f0, 0x00000213bbbe72b0, 0x00000213bbbe8f90, 0x00000213bbbe9930,
0x00000213bbbea2d0, 0x00000213bbbea7a0, 0x00000213ba08fa10, 0x00000213ba0899d0,
0x00000213ba08b6b0, 0x00000213ba08a840, 0x00000213ba08d390, 0x00000213ba089030,
0x00000213ba08bb80, 0x00000213ba0903b0, 0x00000213ba08c9f0, 0x00000213ba08fee0,
0x00000213ba088b60, 0x00000213ba08c050, 0x00000213ba08a370, 0x00000213ba089ea0,
0x00000213ba089500, 0x00000213ba08f540, 0x00000213ba08e200, 0x00000213ba08eba0,
0x00000213ba08ad10, 0x00000213ba08c520, 0x00000213ba08e6d0, 0x00000213ba08b1e0,
0x00000213ba08cec0, 0x00000213ba08d860, 0x00000213ba08dd30, 0x00000213ba08f070,
0x00000213bb8a0740, 0x00000213bb8a1a80, 0x00000213bb89d250, 0x00000213bb8a2420,
0x00000213bb8a0c10, 0x00000213bb8a2dc0, 0x00000213bb89c8b0
}

Java Threads: ( => current thread )
  0x000002139c6adff0 JavaThread "main" [_thread_blocked, id=13264, stack(0x0000003b8be00000,0x0000003b8bf00000)]
  0x00000213b9012610 JavaThread "Reference Handler" daemon [_thread_blocked, id=17540, stack(0x0000003b8c500000,0x0000003b8c600000)]
  0x00000213b8753be0 JavaThread "Finalizer" daemon [_thread_blocked, id=13944, stack(0x0000003b8c600000,0x0000003b8c700000)]
  0x00000213b877d3d0 JavaThread "Signal Dispatcher" daemon [_thread_blocked, id=17604, stack(0x0000003b8c700000,0x0000003b8c800000)]
  0x00000213b877dd90 JavaThread "Attach Listener" daemon [_thread_blocked, id=2168, stack(0x0000003b8c800000,0x0000003b8c900000)]
  0x00000213b877e650 JavaThread "Service Thread" daemon [_thread_blocked, id=16224, stack(0x0000003b8c900000,0x0000003b8ca00000)]
  0x00000213b8774f10 JavaThread "Monitor Deflation Thread" daemon [_thread_blocked, id=11332, stack(0x0000003b8ca00000,0x0000003b8cb00000)]
=>0x00000213b9049020 JavaThread "C2 CompilerThread0" daemon [_thread_in_native, id=7040, stack(0x0000003b8cb00000,0x0000003b8cc00000)]
  0x00000213b9049920 JavaThread "C1 CompilerThread0" daemon [_thread_blocked, id=6272, stack(0x0000003b8cc00000,0x0000003b8cd00000)]
  0x00000213b904c230 JavaThread "Sweeper thread" daemon [_thread_blocked, id=11396, stack(0x0000003b8cd00000,0x0000003b8ce00000)]
  0x00000213b91c28a0 JavaThread "Common-Cleaner" daemon [_thread_blocked, id=18336, stack(0x0000003b8ce00000,0x0000003b8cf00000)]
  0x00000213b91db840 JavaThread "Notification Thread" daemon [_thread_blocked, id=17712, stack(0x0000003b8cf00000,0x0000003b8d000000)]
  0x00000213ba830030 JavaThread "Daemon health stats" [_thread_blocked, id=11144, stack(0x0000003b8d500000,0x0000003b8d600000)]
  0x00000213ba94c6e0 JavaThread "Incoming local TCP Connector on port 64974" [_thread_in_native, id=3344, stack(0x0000003b8d600000,0x0000003b8d700000)]
  0x00000213bac1c7f0 JavaThread "Daemon periodic checks" [_thread_blocked, id=8944, stack(0x0000003b8d700000,0x0000003b8d800000)]
  0x00000213bab22230 JavaThread "Daemon" [_thread_blocked, id=18192, stack(0x0000003b8d800000,0x0000003b8d900000)]
  0x00000213bab22f10 JavaThread "Handler for socket connection from /127.0.0.1:64974 to /127.0.0.1:64980" [_thread_in_native, id=18304, stack(0x0000003b8d900000,0x0000003b8da00000)]
  0x00000213bab845a0 JavaThread "Cancel handler" [_thread_blocked, id=10260, stack(0x0000003b8da00000,0x0000003b8db00000)]
  0x00000213ba9a7040 JavaThread "Daemon worker" [_thread_in_Java, id=2104, stack(0x0000003b8db00000,0x0000003b8dc00000)]
  0x00000213bac4ba60 JavaThread "Asynchronous log dispatcher for DefaultDaemonConnection: socket connection from /127.0.0.1:64974 to /127.0.0.1:64980" [_thread_blocked, id=5552, stack(0x0000003b8dc00000,0x0000003b8dd00000)]
  0x00000213bac4a720 JavaThread "Stdin handler" [_thread_blocked, id=15816, stack(0x0000003b8dd00000,0x0000003b8de00000)]
  0x00000213bac4d270 JavaThread "Daemon client event forwarder" [_thread_blocked, id=6888, stack(0x0000003b8de00000,0x0000003b8df00000)]
  0x00000213bac4c400 JavaThread "Cache worker for journal cache (C:\Users\User\.gradle\caches\journal-1)" [_thread_blocked, id=13292, stack(0x0000003b8e300000,0x0000003b8e400000)]
  0x00000213bac4c8d0 JavaThread "File lock request listener" [_thread_in_native, id=5496, stack(0x0000003b8e400000,0x0000003b8e500000)]
  0x00000213bac4cda0 JavaThread "Cache worker for file hash cache (C:\Users\User\.gradle\caches\8.0\fileHashes)" [_thread_blocked, id=1636, stack(0x0000003b8e500000,0x0000003b8e600000)]
  0x00000213bac4d740 JavaThread "File watcher server" daemon [_thread_in_native, id=17612, stack(0x0000003b8e600000,0x0000003b8e700000)]
  0x00000213bac4dc10 JavaThread "File watcher consumer" daemon [_thread_blocked, id=15132, stack(0x0000003b8e700000,0x0000003b8e800000)]
  0x00000213bac4abf0 JavaThread "Cache worker for checksums cache (D:\Repo\CVapplication\.gradle\8.0\checksums)" [_thread_blocked, id=1172, stack(0x0000003b8e800000,0x0000003b8e900000)]
  0x00000213bac4b590 JavaThread "Cache worker for cache directory md-rule (C:\Users\User\.gradle\caches\8.0\md-rule)" [_thread_blocked, id=17432, stack(0x0000003b8e900000,0x0000003b8ea00000)]
  0x00000213bac4b0c0 JavaThread "Cache worker for file content cache (C:\Users\User\.gradle\caches\8.0\fileContent)" [_thread_blocked, id=5932, stack(0x0000003b8ea00000,0x0000003b8eb00000)]
  0x00000213bac4bf30 JavaThread "Cache worker for file hash cache (D:\Repo\CVapplication\.gradle\8.0\fileHashes)" [_thread_blocked, id=3768, stack(0x0000003b8eb00000,0x0000003b8ec00000)]
  0x00000213bac4a250 JavaThread "Cache worker for cache directory md-supplier (C:\Users\User\.gradle\caches\8.0\md-supplier)" [_thread_blocked, id=18164, stack(0x0000003b8ec00000,0x0000003b8ed00000)]
  0x00000213bbca5e90 JavaThread "Cache worker for execution history cache (C:\Users\User\.gradle\caches\8.0\executionHistory)" [_thread_blocked, id=13352, stack(0x0000003b8ed00000,0x0000003b8ee00000)]
  0x00000213bbca6830 JavaThread "jar transforms" [_thread_blocked, id=4084, stack(0x0000003b8ee00000,0x0000003b8ef00000)]
  0x00000213bbca76a0 JavaThread "jar transforms Thread 2" [_thread_blocked, id=7792, stack(0x0000003b8ef00000,0x0000003b8f000000)]
  0x00000213bbca9d20 JavaThread "jar transforms Thread 3" [_thread_blocked, id=14992, stack(0x0000003b8f100000,0x0000003b8f200000)]
  0x00000213bbca6d00 JavaThread "jar transforms Thread 4" [_thread_blocked, id=13416, stack(0x0000003b8f200000,0x0000003b8f300000)]
  0x00000213bbca7b70 JavaThread "Cache worker for dependencies-accessors (D:\Repo\CVapplication\.gradle\8.0\dependencies-accessors)" [_thread_blocked, id=10360, stack(0x0000003b8f300000,0x0000003b8f400000)]
  0x00000213bbca54f0 JavaThread "jar transforms Thread 5" [_thread_blocked, id=8480, stack(0x0000003b8f400000,0x0000003b8f500000)]
  0x00000213bbcac3a0 JavaThread "Cache worker for Build Output Cleanup Cache (D:\Repo\CVapplication\.gradle\buildOutputCleanup)" [_thread_blocked, id=9032, stack(0x0000003b8f500000,0x0000003b8f600000)]
  0x00000213bbca8040 JavaThread "Unconstrained build operations" [_thread_blocked, id=5656, stack(0x0000003b8f600000,0x0000003b8f700000)]
  0x00000213bbca8510 JavaThread "Unconstrained build operations Thread 2" [_thread_blocked, id=8096, stack(0x0000003b8f700000,0x0000003b8f800000)]
  0x00000213bbca89e0 JavaThread "Unconstrained build operations Thread 3" [_thread_blocked, id=14316, stack(0x0000003b8f800000,0x0000003b8f900000)]
  0x00000213bbcaa6c0 JavaThread "Unconstrained build operations Thread 4" [_thread_blocked, id=11004, stack(0x0000003b8f900000,0x0000003b8fa00000)]
  0x00000213bbca6360 JavaThread "Unconstrained build operations Thread 5" [_thread_blocked, id=13620, stack(0x0000003b8fa00000,0x0000003b8fb00000)]
  0x00000213bbcabed0 JavaThread "Unconstrained build operations Thread 6" [_thread_blocked, id=3764, stack(0x0000003b8fb00000,0x0000003b8fc00000)]
  0x00000213bbca8eb0 JavaThread "Unconstrained build operations Thread 7" [_thread_blocked, id=11104, stack(0x0000003b8fc00000,0x0000003b8fd00000)]
  0x00000213bbcacd40 JavaThread "Unconstrained build operations Thread 8" [_thread_blocked, id=4552, stack(0x0000003b8fd00000,0x0000003b8fe00000)]
  0x00000213bbca9380 JavaThread "Unconstrained build operations Thread 9" [_thread_blocked, id=1484, stack(0x0000003b8fe00000,0x0000003b8ff00000)]
  0x00000213bbca9850 JavaThread "Unconstrained build operations Thread 10" [_thread_blocked, id=17016, stack(0x0000003b8ff00000,0x0000003b90000000)]
  0x00000213bbcaa1f0 JavaThread "Unconstrained build operations Thread 11" [_thread_blocked, id=8352, stack(0x0000003b90000000,0x0000003b90100000)]
  0x00000213bbcaab90 JavaThread "Unconstrained build operations Thread 12" [_thread_blocked, id=11276, stack(0x0000003b90100000,0x0000003b90200000)]
  0x00000213bbcab060 JavaThread "Unconstrained build operations Thread 13" [_thread_blocked, id=1752, stack(0x0000003b90200000,0x0000003b90300000)]
  0x00000213bbcaba00 JavaThread "Unconstrained build operations Thread 14" [_thread_blocked, id=13432, stack(0x0000003b90300000,0x0000003b90400000)]
  0x00000213bbcab530 JavaThread "Unconstrained build operations Thread 15" [_thread_blocked, id=10120, stack(0x0000003b90400000,0x0000003b90500000)]
  0x00000213bc46c3b0 JavaThread "Unconstrained build operations Thread 16" [_thread_blocked, id=4064, stack(0x0000003b90500000,0x0000003b90600000)]
  0x00000213bc46cd50 JavaThread "Unconstrained build operations Thread 17" [_thread_blocked, id=13480, stack(0x0000003b90600000,0x0000003b90700000)]
  0x00000213bc46ea30 JavaThread "Unconstrained build operations Thread 18" [_thread_blocked, id=10460, stack(0x0000003b90700000,0x0000003b90800000)]
  0x00000213bc46d220 JavaThread "Unconstrained build operations Thread 19" [_thread_blocked, id=2336, stack(0x0000003b90800000,0x0000003b90900000)]
  0x00000213bc46e090 JavaThread "Unconstrained build operations Thread 20" [_thread_blocked, id=17992, stack(0x0000003b90900000,0x0000003b90a00000)]
  0x00000213bc46d6f0 JavaThread "Unconstrained build operations Thread 21" [_thread_blocked, id=5160, stack(0x0000003b90a00000,0x0000003b90b00000)]
  0x00000213bc46dbc0 JavaThread "Unconstrained build operations Thread 22" [_thread_blocked, id=4380, stack(0x0000003b90b00000,0x0000003b90c00000)]
  0x00000213bc46e560 JavaThread "Unconstrained build operations Thread 23" [_thread_blocked, id=10908, stack(0x0000003b90c00000,0x0000003b90d00000)]
  0x00000213bc46c880 JavaThread "Unconstrained build operations Thread 24" [_thread_blocked, id=4920, stack(0x0000003b90d00000,0x0000003b90e00000)]
  0x00000213bc46b070 JavaThread "Unconstrained build operations Thread 25" [_thread_blocked, id=6676, stack(0x0000003b90e00000,0x0000003b90f00000)]
  0x00000213bc46b540 JavaThread "Unconstrained build operations Thread 26" [_thread_blocked, id=12096, stack(0x0000003b90f00000,0x0000003b91000000)]
  0x00000213bc46ba10 JavaThread "Unconstrained build operations Thread 27" [_thread_blocked, id=11496, stack(0x0000003b91000000,0x0000003b91100000)]
  0x00000213bc46bee0 JavaThread "Unconstrained build operations Thread 28" [_thread_blocked, id=6048, stack(0x0000003b91100000,0x0000003b91200000)]
  0x00000213bbbed2f0 JavaThread "Unconstrained build operations Thread 29" [_thread_blocked, id=14812, stack(0x0000003b91200000,0x0000003b91300000)]
  0x00000213bbbebae0 JavaThread "Unconstrained build operations Thread 30" [_thread_blocked, id=13852, stack(0x0000003b91300000,0x0000003b91400000)]
  0x00000213bbbeac70 JavaThread "Unconstrained build operations Thread 31" [_thread_blocked, id=16220, stack(0x0000003b91400000,0x0000003b91500000)]
  0x00000213bbbe7780 JavaThread "Unconstrained build operations Thread 32" [_thread_blocked, id=796, stack(0x0000003b91500000,0x0000003b91600000)]
  0x00000213bbbee160 JavaThread "Unconstrained build operations Thread 33" [_thread_blocked, id=10880, stack(0x0000003b91600000,0x0000003b91700000)]
  0x00000213bbbee630 JavaThread "Unconstrained build operations Thread 34" [_thread_blocked, id=2364, stack(0x0000003b91700000,0x0000003b91800000)]
  0x00000213bbbeb140 JavaThread "Unconstrained build operations Thread 35" [_thread_blocked, id=9732, stack(0x0000003b91800000,0x0000003b91900000)]
  0x00000213bbbeb610 JavaThread "Unconstrained build operations Thread 36" [_thread_blocked, id=11056, stack(0x0000003b91900000,0x0000003b91a00000)]
  0x00000213bbbe9e00 JavaThread "Unconstrained build operations Thread 37" [_thread_blocked, id=7576, stack(0x0000003b91a00000,0x0000003b91b00000)]
  0x00000213bbbebfb0 JavaThread "Unconstrained build operations Thread 38" [_thread_blocked, id=15160, stack(0x0000003b91b00000,0x0000003b91c00000)]
  0x00000213bbbec480 JavaThread "Unconstrained build operations Thread 39" [_thread_blocked, id=16460, stack(0x0000003b91c00000,0x0000003b91d00000)]
  0x00000213bbbe8120 JavaThread "Unconstrained build operations Thread 40" [_thread_blocked, id=5908, stack(0x0000003b91d00000,0x0000003b91e00000)]
  0x00000213bbbec950 JavaThread "Unconstrained build operations Thread 41" [_thread_blocked, id=4808, stack(0x0000003b91e00000,0x0000003b91f00000)]
  0x00000213bbbe9460 JavaThread "Unconstrained build operations Thread 42" [_thread_blocked, id=18104, stack(0x0000003b91f00000,0x0000003b92000000)]
  0x00000213bbbece20 JavaThread "Unconstrained build operations Thread 43" [_thread_blocked, id=14096, stack(0x0000003b92000000,0x0000003b92100000)]
  0x00000213bbbe8ac0 JavaThread "Unconstrained build operations Thread 44" [_thread_blocked, id=3020, stack(0x0000003b92100000,0x0000003b92200000)]
  0x00000213bbbe7c50 JavaThread "Unconstrained build operations Thread 45" [_thread_blocked, id=12864, stack(0x0000003b92200000,0x0000003b92300000)]
  0x00000213bbbed7c0 JavaThread "Unconstrained build operations Thread 46" [_thread_blocked, id=13072, stack(0x0000003b92300000,0x0000003b92400000)]
  0x00000213bbbedc90 JavaThread "Unconstrained build operations Thread 47" [_thread_blocked, id=5104, stack(0x0000003b92400000,0x0000003b92500000)]
  0x00000213bbbeeb00 JavaThread "Unconstrained build operations Thread 48" [_thread_blocked, id=13532, stack(0x0000003b92500000,0x0000003b92600000)]
  0x00000213bbbe85f0 JavaThread "Unconstrained build operations Thread 49" [_thread_blocked, id=13084, stack(0x0000003b92600000,0x0000003b92700000)]
  0x00000213bbbe72b0 JavaThread "Unconstrained build operations Thread 50" [_thread_blocked, id=2872, stack(0x0000003b92700000,0x0000003b92800000)]
  0x00000213bbbe8f90 JavaThread "Unconstrained build operations Thread 51" [_thread_blocked, id=15540, stack(0x0000003b92800000,0x0000003b92900000)]
  0x00000213bbbe9930 JavaThread "Unconstrained build operations Thread 52" [_thread_blocked, id=13032, stack(0x0000003b92900000,0x0000003b92a00000)]
  0x00000213bbbea2d0 JavaThread "Unconstrained build operations Thread 53" [_thread_blocked, id=16540, stack(0x0000003b92a00000,0x0000003b92b00000)]
  0x00000213bbbea7a0 JavaThread "Unconstrained build operations Thread 54" [_thread_blocked, id=12968, stack(0x0000003b92b00000,0x0000003b92c00000)]
  0x00000213ba08fa10 JavaThread "Unconstrained build operations Thread 55" [_thread_blocked, id=11152, stack(0x0000003b92c00000,0x0000003b92d00000)]
  0x00000213ba0899d0 JavaThread "Unconstrained build operations Thread 56" [_thread_blocked, id=1012, stack(0x0000003b92d00000,0x0000003b92e00000)]
  0x00000213ba08b6b0 JavaThread "Unconstrained build operations Thread 57" [_thread_blocked, id=12008, stack(0x0000003b92e00000,0x0000003b92f00000)]
  0x00000213ba08a840 JavaThread "Unconstrained build operations Thread 58" [_thread_blocked, id=3500, stack(0x0000003b92f00000,0x0000003b93000000)]
  0x00000213ba08d390 JavaThread "Unconstrained build operations Thread 59" [_thread_blocked, id=2412, stack(0x0000003b93000000,0x0000003b93100000)]
  0x00000213ba089030 JavaThread "Unconstrained build operations Thread 60" [_thread_blocked, id=16700, stack(0x0000003b93100000,0x0000003b93200000)]
  0x00000213ba08bb80 JavaThread "Unconstrained build operations Thread 61" [_thread_blocked, id=12432, stack(0x0000003b93200000,0x0000003b93300000)]
  0x00000213ba0903b0 JavaThread "Unconstrained build operations Thread 62" [_thread_blocked, id=14252, stack(0x0000003b93300000,0x0000003b93400000)]
  0x00000213ba08c9f0 JavaThread "Unconstrained build operations Thread 63" [_thread_blocked, id=17500, stack(0x0000003b93400000,0x0000003b93500000)]
  0x00000213ba08fee0 JavaThread "Unconstrained build operations Thread 64" [_thread_blocked, id=16660, stack(0x0000003b93500000,0x0000003b93600000)]
  0x00000213ba088b60 JavaThread "Unconstrained build operations Thread 65" [_thread_blocked, id=4212, stack(0x0000003b93600000,0x0000003b93700000)]
  0x00000213ba08c050 JavaThread "Unconstrained build operations Thread 66" [_thread_blocked, id=5328, stack(0x0000003b93700000,0x0000003b93800000)]
  0x00000213ba08a370 JavaThread "Unconstrained build operations Thread 67" [_thread_blocked, id=9436, stack(0x0000003b93800000,0x0000003b93900000)]
  0x00000213ba089ea0 JavaThread "Unconstrained build operations Thread 68" [_thread_blocked, id=15880, stack(0x0000003b93900000,0x0000003b93a00000)]
  0x00000213ba089500 JavaThread "Unconstrained build operations Thread 69" [_thread_blocked, id=2276, stack(0x0000003b93a00000,0x0000003b93b00000)]
  0x00000213ba08f540 JavaThread "Unconstrained build operations Thread 70" [_thread_blocked, id=10304, stack(0x0000003b93b00000,0x0000003b93c00000)]
  0x00000213ba08e200 JavaThread "Unconstrained build operations Thread 71" [_thread_blocked, id=7444, stack(0x0000003b93c00000,0x0000003b93d00000)]
  0x00000213ba08eba0 JavaThread "Unconstrained build operations Thread 72" [_thread_blocked, id=10064, stack(0x0000003b93d00000,0x0000003b93e00000)]
  0x00000213ba08ad10 JavaThread "Unconstrained build operations Thread 73" [_thread_blocked, id=9260, stack(0x0000003b93e00000,0x0000003b93f00000)]
  0x00000213ba08c520 JavaThread "Unconstrained build operations Thread 74" [_thread_blocked, id=11380, stack(0x0000003b93f00000,0x0000003b94000000)]
  0x00000213ba08e6d0 JavaThread "Unconstrained build operations Thread 75" [_thread_blocked, id=6844, stack(0x0000003b94000000,0x0000003b94100000)]
  0x00000213ba08b1e0 JavaThread "Unconstrained build operations Thread 76" [_thread_blocked, id=2116, stack(0x0000003b94100000,0x0000003b94200000)]
  0x00000213ba08cec0 JavaThread "Unconstrained build operations Thread 77" [_thread_blocked, id=17584, stack(0x0000003b94200000,0x0000003b94300000)]
  0x00000213ba08d860 JavaThread "Unconstrained build operations Thread 78" [_thread_blocked, id=14552, stack(0x0000003b94300000,0x0000003b94400000)]
  0x00000213ba08dd30 JavaThread "Unconstrained build operations Thread 79" [_thread_blocked, id=11812, stack(0x0000003b94400000,0x0000003b94500000)]
  0x00000213ba08f070 JavaThread "Unconstrained build operations Thread 80" [_thread_blocked, id=16236, stack(0x0000003b94500000,0x0000003b94600000)]
  0x00000213bb8a0740 JavaThread "jar transforms Thread 6" [_thread_blocked, id=8260, stack(0x0000003b94600000,0x0000003b94700000)]
  0x00000213bb8a1a80 JavaThread "jar transforms Thread 7" [_thread_blocked, id=14556, stack(0x0000003b94700000,0x0000003b94800000)]
  0x00000213bb89d250 JavaThread "jar transforms Thread 8" [_thread_blocked, id=8048, stack(0x0000003b94800000,0x0000003b94900000)]
  0x00000213bb8a2420 JavaThread "build event listener" [_thread_blocked, id=13548, stack(0x0000003b94900000,0x0000003b94a00000)]
  0x00000213bb8a0c10 JavaThread "Memory manager" [_thread_blocked, id=7836, stack(0x0000003b94a00000,0x0000003b94b00000)]
  0x00000213bb8a2dc0 JavaThread "build event listener" [_thread_blocked, id=16696, stack(0x0000003b94b00000,0x0000003b94c00000)]
  0x00000213bb89c8b0 JavaThread "build event listener" [_thread_blocked, id=15856, stack(0x0000003b94c00000,0x0000003b94d00000)]

Other Threads:
  0x00000213b86f2b10 VMThread "VM Thread" [stack: 0x0000003b8c400000,0x0000003b8c500000] [id=5060]
  0x00000213b91c3580 WatcherThread [stack: 0x0000003b8d000000,0x0000003b8d100000] [id=17476]
  0x000002139e9490b0 GCTaskThread "GC Thread#0" [stack: 0x0000003b8bf00000,0x0000003b8c000000] [id=15032]
  0x00000213ba01dc10 GCTaskThread "GC Thread#1" [stack: 0x0000003b8d100000,0x0000003b8d200000] [id=17152]
  0x00000213b9864ae0 GCTaskThread "GC Thread#2" [stack: 0x0000003b8d200000,0x0000003b8d300000] [id=14484]
  0x00000213b9f21b70 GCTaskThread "GC Thread#3" [stack: 0x0000003b8d300000,0x0000003b8d400000] [id=1736]
  0x00000213ba62d310 GCTaskThread "GC Thread#4" [stack: 0x0000003b8d400000,0x0000003b8d500000] [id=11168]
  0x00000213b9f43520 GCTaskThread "GC Thread#5" [stack: 0x0000003b8df00000,0x0000003b8e000000] [id=9012]
  0x00000213b972e420 GCTaskThread "GC Thread#6" [stack: 0x0000003b8e000000,0x0000003b8e100000] [id=16580]
  0x00000213b972e6d0 GCTaskThread "GC Thread#7" [stack: 0x0000003b8e100000,0x0000003b8e200000] [id=5872]
  0x000002139e95a6a0 ConcurrentGCThread "G1 Main Marker" [stack: 0x0000003b8c000000,0x0000003b8c100000] [id=10532]
  0x000002139e95afc0 ConcurrentGCThread "G1 Conc#0" [stack: 0x0000003b8c100000,0x0000003b8c200000] [id=9176]
  0x00000213b9719e90 ConcurrentGCThread "G1 Conc#1" [stack: 0x0000003b8e200000,0x0000003b8e300000] [id=5564]
  0x00000213b85a20b0 ConcurrentGCThread "G1 Refine#0" [stack: 0x0000003b8c200000,0x0000003b8c300000] [id=3376]
  0x00000213bd455f90 ConcurrentGCThread "G1 Refine#1" [stack: 0x0000003b8f000000,0x0000003b8f100000] [id=3264]
  0x00000213b85a38f0 ConcurrentGCThread "G1 Service" [stack: 0x0000003b8c300000,0x0000003b8c400000] [id=16052]

Threads with active compile tasks:
C2 CompilerThread0    36771 9107   !   4       org.gradle.internal.classloader.CachingClassLoader::loadClass (85 bytes)

VM state: not at safepoint (normal execution)

VM Mutex/Monitor currently owned by a thread: None

Heap address: 0x0000000080000000, size: 2048 MB, Compressed Oops mode: 32-bit

CDS archive(s) not mapped
Compressed class space mapped at: 0x0000000100000000-0x0000000140000000, reserved size: 1073741824
Narrow klass base: 0x0000000000000000, Narrow klass shift: 3, Narrow klass range: 0x140000000

GC Precious Log:
 CPUs: 8 total, 8 available
 Memory: 7987M
 Large Page Support: Disabled
 NUMA Support: Disabled
 Compressed Oops: Enabled (32-bit)
 Heap Region Size: 1M
 Heap Min Capacity: 8M
 Heap Initial Capacity: 126M
 Heap Max Capacity: 2G
 Pre-touch: Disabled
 Parallel Workers: 8
 Concurrent Workers: 2
 Concurrent Refinement Workers: 8
 Periodic GC: Disabled

Heap:
 garbage-first heap   total 248832K, used 134982K [0x0000000080000000, 0x0000000100000000)
  region size 1024K, 62 young (63488K), 1 survivors (1024K)
 Metaspace       used 91719K, committed 92352K, reserved 1130496K
  class space    used 12431K, committed 12736K, reserved 1048576K

Heap Regions: E=young(eden), S=young(survivor), O=old, HS=humongous(starts), HC=humongous(continues), CS=collection set, F=free, OA=open archive, CA=closed archive, TAMS=top-at-mark-start (previous, next)
|   0|0x0000000080000000, 0x0000000080100000, 0x0000000080100000|100%|HS|  |TAMS 0x0000000080100000, 0x0000000080000000| Complete 
|   1|0x0000000080100000, 0x0000000080200000, 0x0000000080200000|100%|HC|  |TAMS 0x0000000080200000, 0x0000000080100000| Complete 
|   2|0x0000000080200000, 0x0000000080300000, 0x0000000080300000|100%|HC|  |TAMS 0x0000000080300000, 0x0000000080200000| Complete 
|   3|0x0000000080300000, 0x0000000080400000, 0x0000000080400000|100%|HC|  |TAMS 0x0000000080400000, 0x0000000080300000| Complete 
|   4|0x0000000080400000, 0x0000000080500000, 0x0000000080500000|100%| O|  |TAMS 0x0000000080500000, 0x0000000080400000| Untracked 
|   5|0x0000000080500000, 0x0000000080600000, 0x0000000080600000|100%| O|  |TAMS 0x0000000080600000, 0x0000000080500000| Untracked 
|   6|0x0000000080600000, 0x0000000080700000, 0x0000000080700000|100%| O|  |TAMS 0x0000000080700000, 0x0000000080600000| Untracked 
|   7|0x0000000080700000, 0x0000000080800000, 0x0000000080800000|100%| O|  |TAMS 0x0000000080800000, 0x0000000080700000| Untracked 
|   8|0x0000000080800000, 0x0000000080900000, 0x0000000080900000|100%| O|  |TAMS 0x0000000080900000, 0x0000000080800000| Untracked 
|   9|0x0000000080900000, 0x0000000080a00000, 0x0000000080a00000|100%| O|  |TAMS 0x0000000080a00000, 0x0000000080900000| Untracked 
|  10|0x0000000080a00000, 0x0000000080b00000, 0x0000000080b00000|100%| O|  |TAMS 0x0000000080b00000, 0x0000000080a00000| Untracked 
|  11|0x0000000080b00000, 0x0000000080c00000, 0x0000000080c00000|100%| O|  |TAMS 0x0000000080c00000, 0x0000000080b00000| Untracked 
|  12|0x0000000080c00000, 0x0000000080d00000, 0x0000000080d00000|100%| O|  |TAMS 0x0000000080d00000, 0x0000000080c00000| Untracked 
|  13|0x0000000080d00000, 0x0000000080e00000, 0x0000000080e00000|100%| O|  |TAMS 0x0000000080e00000, 0x0000000080d00000| Untracked 
|  14|0x0000000080e00000, 0x0000000080f00000, 0x0000000080f00000|100%| O|  |TAMS 0x0000000080f00000, 0x0000000080e00000| Untracked 
|  15|0x0000000080f00000, 0x0000000081000000, 0x0000000081000000|100%| O|  |TAMS 0x0000000081000000, 0x0000000080f00000| Untracked 
|  16|0x0000000081000000, 0x0000000081100000, 0x0000000081100000|100%| O|  |TAMS 0x0000000081100000, 0x0000000081000000| Untracked 
|  17|0x0000000081100000, 0x0000000081200000, 0x0000000081200000|100%| O|  |TAMS 0x0000000081200000, 0x0000000081100000| Untracked 
|  18|0x0000000081200000, 0x0000000081300000, 0x0000000081300000|100%| O|  |TAMS 0x0000000081300000, 0x0000000081200000| Untracked 
|  19|0x0000000081300000, 0x0000000081400000, 0x0000000081400000|100%| O|  |TAMS 0x0000000081400000, 0x0000000081300000| Untracked 
|  20|0x0000000081400000, 0x0000000081500000, 0x0000000081500000|100%| O|  |TAMS 0x0000000081500000, 0x0000000081400000| Untracked 
|  21|0x0000000081500000, 0x0000000081600000, 0x0000000081600000|100%| O|  |TAMS 0x0000000081600000, 0x0000000081500000| Untracked 
|  22|0x0000000081600000, 0x0000000081700000, 0x0000000081700000|100%| O|  |TAMS 0x0000000081700000, 0x0000000081600000| Untracked 
|  23|0x0000000081700000, 0x0000000081800000, 0x0000000081800000|100%| O|  |TAMS 0x0000000081800000, 0x0000000081700000| Untracked 
|  24|0x0000000081800000, 0x0000000081900000, 0x0000000081900000|100%| O|  |TAMS 0x0000000081900000, 0x0000000081800000| Untracked 
|  25|0x0000000081900000, 0x0000000081a00000, 0x0000000081a00000|100%| O|  |TAMS 0x0000000081a00000, 0x0000000081900000| Untracked 
|  26|0x0000000081a00000, 0x0000000081b00000, 0x0000000081b00000|100%| O|  |TAMS 0x0000000081b00000, 0x0000000081a00000| Untracked 
|  27|0x0000000081b00000, 0x0000000081c00000, 0x0000000081c00000|100%| O|  |TAMS 0x0000000081c00000, 0x0000000081b00000| Untracked 
|  28|0x0000000081c00000, 0x0000000081d00000, 0x0000000081d00000|100%| O|  |TAMS 0x0000000081d00000, 0x0000000081c00000| Untracked 
|  29|0x0000000081d00000, 0x0000000081e00000, 0x0000000081e00000|100%| O|  |TAMS 0x0000000081e00000, 0x0000000081d00000| Untracked 
|  30|0x0000000081e00000, 0x0000000081f00000, 0x0000000081f00000|100%| O|  |TAMS 0x0000000081f00000, 0x0000000081e00000| Untracked 
|  31|0x0000000081f00000, 0x0000000082000000, 0x0000000082000000|100%| O|  |TAMS 0x0000000082000000, 0x0000000081f00000| Untracked 
|  32|0x0000000082000000, 0x0000000082100000, 0x0000000082100000|100%| O|  |TAMS 0x0000000082000000, 0x0000000082000000| Untracked 
|  33|0x0000000082100000, 0x0000000082200000, 0x0000000082200000|100%| O|  |TAMS 0x0000000082200000, 0x0000000082100000| Untracked 
|  34|0x0000000082200000, 0x0000000082300000, 0x0000000082300000|100%| O|  |TAMS 0x0000000082300000, 0x0000000082200000| Untracked 
|  35|0x0000000082300000, 0x0000000082400000, 0x0000000082400000|100%| O|  |TAMS 0x0000000082400000, 0x0000000082300000| Untracked 
|  36|0x0000000082400000, 0x0000000082500000, 0x0000000082500000|100%|HS|  |TAMS 0x0000000082500000, 0x0000000082400000| Complete 
|  37|0x0000000082500000, 0x0000000082600000, 0x0000000082600000|100%|HS|  |TAMS 0x0000000082600000, 0x0000000082500000| Complete 
|  38|0x0000000082600000, 0x0000000082700000, 0x0000000082700000|100%|HC|  |TAMS 0x0000000082700000, 0x0000000082600000| Complete 
|  39|0x0000000082700000, 0x0000000082800000, 0x0000000082800000|100%|HS|  |TAMS 0x0000000082800000, 0x0000000082700000| Complete 
|  40|0x0000000082800000, 0x0000000082900000, 0x0000000082900000|100%| O|  |TAMS 0x0000000082900000, 0x0000000082800000| Untracked 
|  41|0x0000000082900000, 0x0000000082a00000, 0x0000000082a00000|100%| O|  |TAMS 0x0000000082a00000, 0x0000000082900000| Untracked 
|  42|0x0000000082a00000, 0x0000000082b00000, 0x0000000082b00000|100%|HS|  |TAMS 0x0000000082b00000, 0x0000000082a00000| Complete 
|  43|0x0000000082b00000, 0x0000000082c00000, 0x0000000082c00000|100%|HS|  |TAMS 0x0000000082c00000, 0x0000000082b00000| Complete 
|  44|0x0000000082c00000, 0x0000000082d00000, 0x0000000082d00000|100%|HC|  |TAMS 0x0000000082d00000, 0x0000000082c00000| Complete 
|  45|0x0000000082d00000, 0x0000000082e00000, 0x0000000082e00000|100%|HC|  |TAMS 0x0000000082e00000, 0x0000000082d00000| Complete 
|  46|0x0000000082e00000, 0x0000000082f00000, 0x0000000082f00000|100%|HC|  |TAMS 0x0000000082f00000, 0x0000000082e00000| Complete 
|  47|0x0000000082f00000, 0x0000000083000000, 0x0000000083000000|100%| O|  |TAMS 0x0000000083000000, 0x0000000082f00000| Untracked 
|  48|0x0000000083000000, 0x0000000083000000, 0x0000000083100000|  0%| F|  |TAMS 0x0000000083000000, 0x0000000083000000| Untracked 
|  49|0x0000000083100000, 0x0000000083200000, 0x0000000083200000|100%| O|  |TAMS 0x0000000083200000, 0x0000000083100000| Untracked 
|  50|0x0000000083200000, 0x0000000083300000, 0x0000000083300000|100%| O|  |TAMS 0x0000000083300000, 0x0000000083200000| Untracked 
|  51|0x0000000083300000, 0x0000000083400000, 0x0000000083400000|100%| O|  |TAMS 0x0000000083400000, 0x0000000083300000| Untracked 
|  52|0x0000000083400000, 0x0000000083500000, 0x0000000083500000|100%| O|  |TAMS 0x0000000083500000, 0x0000000083400000| Untracked 
|  53|0x0000000083500000, 0x0000000083600000, 0x0000000083600000|100%| O|  |TAMS 0x0000000083600000, 0x0000000083500000| Untracked 
|  54|0x0000000083600000, 0x0000000083700000, 0x0000000083700000|100%| O|  |TAMS 0x0000000083700000, 0x0000000083600000| Untracked 
|  55|0x0000000083700000, 0x0000000083800000, 0x0000000083800000|100%| O|  |TAMS 0x0000000083800000, 0x0000000083700000| Untracked 
|  56|0x0000000083800000, 0x0000000083900000, 0x0000000083900000|100%| O|  |TAMS 0x0000000083900000, 0x0000000083800000| Untracked 
|  57|0x0000000083900000, 0x0000000083a00000, 0x0000000083a00000|100%| O|  |TAMS 0x0000000083a00000, 0x0000000083900000| Untracked 
|  58|0x0000000083a00000, 0x0000000083b00000, 0x0000000083b00000|100%| O|  |TAMS 0x0000000083b00000, 0x0000000083a00000| Untracked 
|  59|0x0000000083b00000, 0x0000000083c00000, 0x0000000083c00000|100%| O|  |TAMS 0x0000000083c00000, 0x0000000083b00000| Untracked 
|  60|0x0000000083c00000, 0x0000000083d00000, 0x0000000083d00000|100%| O|  |TAMS 0x0000000083d00000, 0x0000000083c00000| Untracked 
|  61|0x0000000083d00000, 0x0000000083e00000, 0x0000000083e00000|100%| O|  |TAMS 0x0000000083e00000, 0x0000000083d00000| Untracked 
|  62|0x0000000083e00000, 0x0000000083f00000, 0x0000000083f00000|100%| O|  |TAMS 0x0000000083f00000, 0x0000000083e00000| Untracked 
|  63|0x0000000083f00000, 0x0000000084000000, 0x0000000084000000|100%| O|  |TAMS 0x0000000084000000, 0x0000000083f00000| Untracked 
|  64|0x0000000084000000, 0x0000000084100000, 0x0000000084100000|100%| O|  |TAMS 0x0000000084100000, 0x0000000084000000| Untracked 
|  65|0x0000000084100000, 0x0000000084200000, 0x0000000084200000|100%| O|  |TAMS 0x0000000084200000, 0x0000000084100000| Untracked 
|  66|0x0000000084200000, 0x0000000084300000, 0x0000000084300000|100%| O|  |TAMS 0x0000000084300000, 0x0000000084200000| Untracked 
|  67|0x0000000084300000, 0x0000000084400000, 0x0000000084400000|100%| O|  |TAMS 0x0000000084400000, 0x0000000084300000| Untracked 
|  68|0x0000000084400000, 0x0000000084500000, 0x0000000084500000|100%| O|  |TAMS 0x0000000084500000, 0x0000000084400000| Untracked 
|  69|0x0000000084500000, 0x0000000084600000, 0x0000000084600000|100%| O|  |TAMS 0x0000000084583800, 0x0000000084500000| Untracked 
|  70|0x0000000084600000, 0x0000000084700000, 0x0000000084700000|100%| O|  |TAMS 0x0000000084600000, 0x0000000084600000| Untracked 
|  71|0x0000000084700000, 0x0000000084800000, 0x0000000084800000|100%| O|  |TAMS 0x0000000084700000, 0x0000000084700000| Untracked 
|  72|0x0000000084800000, 0x0000000084842a00, 0x0000000084900000| 26%| O|  |TAMS 0x0000000084800000, 0x0000000084800000| Untracked 
|  73|0x0000000084900000, 0x0000000084900000, 0x0000000084a00000|  0%| F|  |TAMS 0x0000000084900000, 0x0000000084900000| Untracked 
|  74|0x0000000084a00000, 0x0000000084a00000, 0x0000000084b00000|  0%| F|  |TAMS 0x0000000084a00000, 0x0000000084a00000| Untracked 
|  75|0x0000000084b00000, 0x0000000084b00000, 0x0000000084c00000|  0%| F|  |TAMS 0x0000000084b00000, 0x0000000084b00000| Untracked 
|  76|0x0000000084c00000, 0x0000000084c00000, 0x0000000084d00000|  0%| F|  |TAMS 0x0000000084c00000, 0x0000000084c00000| Untracked 
|  77|0x0000000084d00000, 0x0000000084d00000, 0x0000000084e00000|  0%| F|  |TAMS 0x0000000084d00000, 0x0000000084d00000| Untracked 
|  78|0x0000000084e00000, 0x0000000084e00000, 0x0000000084f00000|  0%| F|  |TAMS 0x0000000084e00000, 0x0000000084e00000| Untracked 
|  79|0x0000000084f00000, 0x0000000084f00000, 0x0000000085000000|  0%| F|  |TAMS 0x0000000084f00000, 0x0000000084f00000| Untracked 
|  80|0x0000000085000000, 0x0000000085000000, 0x0000000085100000|  0%| F|  |TAMS 0x0000000085000000, 0x0000000085000000| Untracked 
|  81|0x0000000085100000, 0x0000000085100000, 0x0000000085200000|  0%| F|  |TAMS 0x0000000085100000, 0x0000000085100000| Untracked 
|  82|0x0000000085200000, 0x0000000085200000, 0x0000000085300000|  0%| F|  |TAMS 0x0000000085200000, 0x0000000085200000| Untracked 
|  83|0x0000000085300000, 0x0000000085300000, 0x0000000085400000|  0%| F|  |TAMS 0x0000000085300000, 0x0000000085300000| Untracked 
|  84|0x0000000085400000, 0x0000000085400000, 0x0000000085500000|  0%| F|  |TAMS 0x0000000085400000, 0x0000000085400000| Untracked 
|  85|0x0000000085500000, 0x0000000085500000, 0x0000000085600000|  0%| F|  |TAMS 0x0000000085500000, 0x0000000085500000| Untracked 
|  86|0x0000000085600000, 0x0000000085600000, 0x0000000085700000|  0%| F|  |TAMS 0x0000000085600000, 0x0000000085600000| Untracked 
|  87|0x0000000085700000, 0x0000000085700000, 0x0000000085800000|  0%| F|  |TAMS 0x0000000085700000, 0x0000000085700000| Untracked 
|  88|0x0000000085800000, 0x0000000085800000, 0x0000000085900000|  0%| F|  |TAMS 0x0000000085800000, 0x0000000085800000| Untracked 
|  89|0x0000000085900000, 0x0000000085900000, 0x0000000085a00000|  0%| F|  |TAMS 0x0000000085900000, 0x0000000085900000| Untracked 
|  90|0x0000000085a00000, 0x0000000085a00000, 0x0000000085b00000|  0%| F|  |TAMS 0x0000000085a00000, 0x0000000085a00000| Untracked 
|  91|0x0000000085b00000, 0x0000000085b00000, 0x0000000085c00000|  0%| F|  |TAMS 0x0000000085b00000, 0x0000000085b00000| Untracked 
|  92|0x0000000085c00000, 0x0000000085c00000, 0x0000000085d00000|  0%| F|  |TAMS 0x0000000085c00000, 0x0000000085c00000| Untracked 
|  93|0x0000000085d00000, 0x0000000085d00000, 0x0000000085e00000|  0%| F|  |TAMS 0x0000000085d00000, 0x0000000085d00000| Untracked 
|  94|0x0000000085e00000, 0x0000000085e00000, 0x0000000085f00000|  0%| F|  |TAMS 0x0000000085e00000, 0x0000000085e00000| Untracked 
|  95|0x0000000085f00000, 0x0000000085f00000, 0x0000000086000000|  0%| F|  |TAMS 0x0000000085f00000, 0x0000000085f00000| Untracked 
|  96|0x0000000086000000, 0x0000000086000000, 0x0000000086100000|  0%| F|  |TAMS 0x0000000086000000, 0x0000000086000000| Untracked 
|  97|0x0000000086100000, 0x0000000086100000, 0x0000000086200000|  0%| F|  |TAMS 0x0000000086100000, 0x0000000086100000| Untracked 
|  98|0x0000000086200000, 0x0000000086200000, 0x0000000086300000|  0%| F|  |TAMS 0x0000000086200000, 0x0000000086200000| Untracked 
|  99|0x0000000086300000, 0x0000000086300000, 0x0000000086400000|  0%| F|  |TAMS 0x0000000086300000, 0x0000000086300000| Untracked 
| 100|0x0000000086400000, 0x0000000086400000, 0x0000000086500000|  0%| F|  |TAMS 0x0000000086400000, 0x0000000086400000| Untracked 
| 101|0x0000000086500000, 0x0000000086500000, 0x0000000086600000|  0%| F|  |TAMS 0x0000000086500000, 0x0000000086500000| Untracked 
| 102|0x0000000086600000, 0x0000000086600000, 0x0000000086700000|  0%| F|  |TAMS 0x0000000086600000, 0x0000000086600000| Untracked 
| 103|0x0000000086700000, 0x0000000086700000, 0x0000000086800000|  0%| F|  |TAMS 0x0000000086700000, 0x0000000086700000| Untracked 
| 104|0x0000000086800000, 0x0000000086800000, 0x0000000086900000|  0%| F|  |TAMS 0x0000000086800000, 0x0000000086800000| Untracked 
| 105|0x0000000086900000, 0x0000000086900000, 0x0000000086a00000|  0%| F|  |TAMS 0x0000000086900000, 0x0000000086900000| Untracked 
| 106|0x0000000086a00000, 0x0000000086a00000, 0x0000000086b00000|  0%| F|  |TAMS 0x0000000086a00000, 0x0000000086a00000| Untracked 
| 107|0x0000000086b00000, 0x0000000086b00000, 0x0000000086c00000|  0%| F|  |TAMS 0x0000000086b00000, 0x0000000086b00000| Untracked 
| 108|0x0000000086c00000, 0x0000000086c00000, 0x0000000086d00000|  0%| F|  |TAMS 0x0000000086c00000, 0x0000000086c00000| Untracked 
| 109|0x0000000086d00000, 0x0000000086d00000, 0x0000000086e00000|  0%| F|  |TAMS 0x0000000086d00000, 0x0000000086d00000| Untracked 
| 110|0x0000000086e00000, 0x0000000086e00000, 0x0000000086f00000|  0%| F|  |TAMS 0x0000000086e00000, 0x0000000086e00000| Untracked 
| 111|0x0000000086f00000, 0x0000000086f00000, 0x0000000087000000|  0%| F|  |TAMS 0x0000000086f00000, 0x0000000086f00000| Untracked 
| 112|0x0000000087000000, 0x0000000087000000, 0x0000000087100000|  0%| F|  |TAMS 0x0000000087000000, 0x0000000087000000| Untracked 
| 113|0x0000000087100000, 0x0000000087100000, 0x0000000087200000|  0%| F|  |TAMS 0x0000000087100000, 0x0000000087100000| Untracked 
| 114|0x0000000087200000, 0x0000000087200000, 0x0000000087300000|  0%| F|  |TAMS 0x0000000087200000, 0x0000000087200000| Untracked 
| 115|0x0000000087300000, 0x0000000087300000, 0x0000000087400000|  0%| F|  |TAMS 0x0000000087300000, 0x0000000087300000| Untracked 
| 116|0x0000000087400000, 0x0000000087400000, 0x0000000087500000|  0%| F|  |TAMS 0x0000000087400000, 0x0000000087400000| Untracked 
| 117|0x0000000087500000, 0x000000008758eff8, 0x0000000087600000| 55%| S|CS|TAMS 0x0000000087500000, 0x0000000087500000| Complete 
| 118|0x0000000087600000, 0x0000000087600000, 0x0000000087700000|  0%| F|  |TAMS 0x0000000087600000, 0x0000000087600000| Untracked 
| 119|0x0000000087700000, 0x0000000087700000, 0x0000000087800000|  0%| F|  |TAMS 0x0000000087700000, 0x0000000087700000| Untracked 
| 120|0x0000000087800000, 0x0000000087800000, 0x0000000087900000|  0%| F|  |TAMS 0x0000000087800000, 0x0000000087800000| Untracked 
| 121|0x0000000087900000, 0x0000000087900000, 0x0000000087a00000|  0%| F|  |TAMS 0x0000000087900000, 0x0000000087900000| Untracked 
| 122|0x0000000087a00000, 0x0000000087a00000, 0x0000000087b00000|  0%| F|  |TAMS 0x0000000087a00000, 0x0000000087a00000| Untracked 
| 123|0x0000000087b00000, 0x0000000087b00000, 0x0000000087c00000|  0%| F|  |TAMS 0x0000000087b00000, 0x0000000087b00000| Untracked 
| 124|0x0000000087c00000, 0x0000000087c00000, 0x0000000087d00000|  0%| F|  |TAMS 0x0000000087c00000, 0x0000000087c00000| Untracked 
| 125|0x0000000087d00000, 0x0000000087d00000, 0x0000000087e00000|  0%| F|  |TAMS 0x0000000087d00000, 0x0000000087d00000| Untracked 
| 126|0x0000000087e00000, 0x0000000087e00000, 0x0000000087f00000|  0%| F|  |TAMS 0x0000000087e00000, 0x0000000087e00000| Untracked 
| 127|0x0000000087f00000, 0x0000000087f00000, 0x0000000088000000|  0%| F|  |TAMS 0x0000000087f00000, 0x0000000087f00000| Untracked 
| 128|0x0000000088000000, 0x0000000088000000, 0x0000000088100000|  0%| F|  |TAMS 0x0000000088000000, 0x0000000088000000| Untracked 
| 129|0x0000000088100000, 0x0000000088100000, 0x0000000088200000|  0%| F|  |TAMS 0x0000000088100000, 0x0000000088100000| Untracked 
| 130|0x0000000088200000, 0x0000000088200000, 0x0000000088300000|  0%| F|  |TAMS 0x0000000088200000, 0x0000000088200000| Untracked 
| 131|0x0000000088300000, 0x0000000088300000, 0x0000000088400000|  0%| F|  |TAMS 0x0000000088300000, 0x0000000088300000| Untracked 
| 132|0x0000000088400000, 0x0000000088400000, 0x0000000088500000|  0%| F|  |TAMS 0x0000000088400000, 0x0000000088400000| Untracked 
| 133|0x0000000088500000, 0x0000000088500000, 0x0000000088600000|  0%| F|  |TAMS 0x0000000088500000, 0x0000000088500000| Untracked 
| 134|0x0000000088600000, 0x0000000088600000, 0x0000000088700000|  0%| F|  |TAMS 0x0000000088600000, 0x0000000088600000| Untracked 
| 135|0x0000000088700000, 0x0000000088700000, 0x0000000088800000|  0%| F|  |TAMS 0x0000000088700000, 0x0000000088700000| Untracked 
| 136|0x0000000088800000, 0x0000000088800000, 0x0000000088900000|  0%| F|  |TAMS 0x0000000088800000, 0x0000000088800000| Untracked 
| 137|0x0000000088900000, 0x0000000088900000, 0x0000000088a00000|  0%| F|  |TAMS 0x0000000088900000, 0x0000000088900000| Untracked 
| 138|0x0000000088a00000, 0x0000000088a00000, 0x0000000088b00000|  0%| F|  |TAMS 0x0000000088a00000, 0x0000000088a00000| Untracked 
| 139|0x0000000088b00000, 0x0000000088b00000, 0x0000000088c00000|  0%| F|  |TAMS 0x0000000088b00000, 0x0000000088b00000| Untracked 
| 140|0x0000000088c00000, 0x0000000088c00000, 0x0000000088d00000|  0%| F|  |TAMS 0x0000000088c00000, 0x0000000088c00000| Untracked 
| 141|0x0000000088d00000, 0x0000000088d00000, 0x0000000088e00000|  0%| F|  |TAMS 0x0000000088d00000, 0x0000000088d00000| Untracked 
| 142|0x0000000088e00000, 0x0000000088e00000, 0x0000000088f00000|  0%| F|  |TAMS 0x0000000088e00000, 0x0000000088e00000| Untracked 
| 143|0x0000000088f00000, 0x0000000088f00000, 0x0000000089000000|  0%| F|  |TAMS 0x0000000088f00000, 0x0000000088f00000| Untracked 
| 144|0x0000000089000000, 0x0000000089000000, 0x0000000089100000|  0%| F|  |TAMS 0x0000000089000000, 0x0000000089000000| Untracked 
| 145|0x0000000089100000, 0x0000000089100000, 0x0000000089200000|  0%| F|  |TAMS 0x0000000089100000, 0x0000000089100000| Untracked 
| 146|0x0000000089200000, 0x0000000089200000, 0x0000000089300000|  0%| F|  |TAMS 0x0000000089200000, 0x0000000089200000| Untracked 
| 147|0x0000000089300000, 0x0000000089300000, 0x0000000089400000|  0%| F|  |TAMS 0x0000000089300000, 0x0000000089300000| Untracked 
| 148|0x0000000089400000, 0x0000000089400000, 0x0000000089500000|  0%| F|  |TAMS 0x0000000089400000, 0x0000000089400000| Untracked 
| 149|0x0000000089500000, 0x0000000089500000, 0x0000000089600000|  0%| F|  |TAMS 0x0000000089500000, 0x0000000089500000| Untracked 
| 150|0x0000000089600000, 0x0000000089600000, 0x0000000089700000|  0%| F|  |TAMS 0x0000000089600000, 0x0000000089600000| Untracked 
| 151|0x0000000089700000, 0x0000000089700000, 0x0000000089800000|  0%| F|  |TAMS 0x0000000089700000, 0x0000000089700000| Untracked 
| 152|0x0000000089800000, 0x0000000089800000, 0x0000000089900000|  0%| F|  |TAMS 0x0000000089800000, 0x0000000089800000| Untracked 
| 153|0x0000000089900000, 0x0000000089900000, 0x0000000089a00000|  0%| F|  |TAMS 0x0000000089900000, 0x0000000089900000| Untracked 
| 154|0x0000000089a00000, 0x0000000089a00000, 0x0000000089b00000|  0%| F|  |TAMS 0x0000000089a00000, 0x0000000089a00000| Untracked 
| 155|0x0000000089b00000, 0x0000000089b00000, 0x0000000089c00000|  0%| F|  |TAMS 0x0000000089b00000, 0x0000000089b00000| Untracked 
| 156|0x0000000089c00000, 0x0000000089c00000, 0x0000000089d00000|  0%| F|  |TAMS 0x0000000089c00000, 0x0000000089c00000| Untracked 
| 157|0x0000000089d00000, 0x0000000089d00000, 0x0000000089e00000|  0%| F|  |TAMS 0x0000000089d00000, 0x0000000089d00000| Untracked 
| 158|0x0000000089e00000, 0x0000000089e00000, 0x0000000089f00000|  0%| F|  |TAMS 0x0000000089e00000, 0x0000000089e00000| Untracked 
| 159|0x0000000089f00000, 0x0000000089f00000, 0x000000008a000000|  0%| F|  |TAMS 0x0000000089f00000, 0x0000000089f00000| Untracked 
| 160|0x000000008a000000, 0x000000008a000000, 0x000000008a100000|  0%| F|  |TAMS 0x000000008a000000, 0x000000008a000000| Untracked 
| 161|0x000000008a100000, 0x000000008a100000, 0x000000008a200000|  0%| F|  |TAMS 0x000000008a100000, 0x000000008a100000| Untracked 
| 162|0x000000008a200000, 0x000000008a200000, 0x000000008a300000|  0%| F|  |TAMS 0x000000008a200000, 0x000000008a200000| Untracked 
| 163|0x000000008a300000, 0x000000008a300000, 0x000000008a400000|  0%| F|  |TAMS 0x000000008a300000, 0x000000008a300000| Untracked 
| 164|0x000000008a400000, 0x000000008a400000, 0x000000008a500000|  0%| F|  |TAMS 0x000000008a400000, 0x000000008a400000| Untracked 
| 165|0x000000008a500000, 0x000000008a500000, 0x000000008a600000|  0%| F|  |TAMS 0x000000008a500000, 0x000000008a500000| Untracked 
| 166|0x000000008a600000, 0x000000008a600000, 0x000000008a700000|  0%| F|  |TAMS 0x000000008a600000, 0x000000008a600000| Untracked 
| 167|0x000000008a700000, 0x000000008a700000, 0x000000008a800000|  0%| F|  |TAMS 0x000000008a700000, 0x000000008a700000| Untracked 
| 168|0x000000008a800000, 0x000000008a800000, 0x000000008a900000|  0%| F|  |TAMS 0x000000008a800000, 0x000000008a800000| Untracked 
| 169|0x000000008a900000, 0x000000008a900000, 0x000000008aa00000|  0%| F|  |TAMS 0x000000008a900000, 0x000000008a900000| Untracked 
| 170|0x000000008aa00000, 0x000000008aa00000, 0x000000008ab00000|  0%| F|  |TAMS 0x000000008aa00000, 0x000000008aa00000| Untracked 
| 171|0x000000008ab00000, 0x000000008ab00000, 0x000000008ac00000|  0%| F|  |TAMS 0x000000008ab00000, 0x000000008ab00000| Untracked 
| 172|0x000000008ac00000, 0x000000008ac00000, 0x000000008ad00000|  0%| F|  |TAMS 0x000000008ac00000, 0x000000008ac00000| Untracked 
| 173|0x000000008ad00000, 0x000000008ad00000, 0x000000008ae00000|  0%| F|  |TAMS 0x000000008ad00000, 0x000000008ad00000| Untracked 
| 174|0x000000008ae00000, 0x000000008ae00000, 0x000000008af00000|  0%| F|  |TAMS 0x000000008ae00000, 0x000000008ae00000| Untracked 
| 175|0x000000008af00000, 0x000000008af00000, 0x000000008b000000|  0%| F|  |TAMS 0x000000008af00000, 0x000000008af00000| Untracked 
| 176|0x000000008b000000, 0x000000008b000000, 0x000000008b100000|  0%| F|  |TAMS 0x000000008b000000, 0x000000008b000000| Untracked 
| 177|0x000000008b100000, 0x000000008b100000, 0x000000008b200000|  0%| F|  |TAMS 0x000000008b100000, 0x000000008b100000| Untracked 
| 178|0x000000008b200000, 0x000000008b200000, 0x000000008b300000|  0%| F|  |TAMS 0x000000008b200000, 0x000000008b200000| Untracked 
| 179|0x000000008b300000, 0x000000008b300000, 0x000000008b400000|  0%| F|  |TAMS 0x000000008b300000, 0x000000008b300000| Untracked 
| 180|0x000000008b400000, 0x000000008b400000, 0x000000008b500000|  0%| F|  |TAMS 0x000000008b400000, 0x000000008b400000| Untracked 
| 181|0x000000008b500000, 0x000000008b500000, 0x000000008b600000|  0%| F|  |TAMS 0x000000008b500000, 0x000000008b500000| Untracked 
| 182|0x000000008b600000, 0x000000008b700000, 0x000000008b700000|100%| E|  |TAMS 0x000000008b600000, 0x000000008b600000| Complete 
| 183|0x000000008b700000, 0x000000008b800000, 0x000000008b800000|100%| E|CS|TAMS 0x000000008b700000, 0x000000008b700000| Complete 
| 184|0x000000008b800000, 0x000000008b900000, 0x000000008b900000|100%| E|CS|TAMS 0x000000008b800000, 0x000000008b800000| Complete 
| 185|0x000000008b900000, 0x000000008ba00000, 0x000000008ba00000|100%| E|CS|TAMS 0x000000008b900000, 0x000000008b900000| Complete 
| 186|0x000000008ba00000, 0x000000008bb00000, 0x000000008bb00000|100%| E|CS|TAMS 0x000000008ba00000, 0x000000008ba00000| Complete 
| 187|0x000000008bb00000, 0x000000008bc00000, 0x000000008bc00000|100%| E|CS|TAMS 0x000000008bb00000, 0x000000008bb00000| Complete 
| 188|0x000000008bc00000, 0x000000008bd00000, 0x000000008bd00000|100%| E|CS|TAMS 0x000000008bc00000, 0x000000008bc00000| Complete 
| 189|0x000000008bd00000, 0x000000008be00000, 0x000000008be00000|100%| E|CS|TAMS 0x000000008bd00000, 0x000000008bd00000| Complete 
| 190|0x000000008be00000, 0x000000008bf00000, 0x000000008bf00000|100%| E|CS|TAMS 0x000000008be00000, 0x000000008be00000| Complete 
| 191|0x000000008bf00000, 0x000000008c000000, 0x000000008c000000|100%| E|CS|TAMS 0x000000008bf00000, 0x000000008bf00000| Complete 
| 192|0x000000008c000000, 0x000000008c100000, 0x000000008c100000|100%| E|CS|TAMS 0x000000008c000000, 0x000000008c000000| Complete 
| 193|0x000000008c100000, 0x000000008c200000, 0x000000008c200000|100%| E|CS|TAMS 0x000000008c100000, 0x000000008c100000| Complete 
| 194|0x000000008c200000, 0x000000008c300000, 0x000000008c300000|100%| E|CS|TAMS 0x000000008c200000, 0x000000008c200000| Complete 
| 195|0x000000008c300000, 0x000000008c400000, 0x000000008c400000|100%| E|CS|TAMS 0x000000008c300000, 0x000000008c300000| Complete 
| 196|0x000000008c400000, 0x000000008c500000, 0x000000008c500000|100%| E|CS|TAMS 0x000000008c400000, 0x000000008c400000| Complete 
| 197|0x000000008c500000, 0x000000008c600000, 0x000000008c600000|100%| E|CS|TAMS 0x000000008c500000, 0x000000008c500000| Complete 
| 198|0x000000008c600000, 0x000000008c700000, 0x000000008c700000|100%| E|CS|TAMS 0x000000008c600000, 0x000000008c600000| Complete 
| 199|0x000000008c700000, 0x000000008c800000, 0x000000008c800000|100%| E|CS|TAMS 0x000000008c700000, 0x000000008c700000| Complete 
| 200|0x000000008c800000, 0x000000008c900000, 0x000000008c900000|100%| E|CS|TAMS 0x000000008c800000, 0x000000008c800000| Complete 
| 201|0x000000008c900000, 0x000000008ca00000, 0x000000008ca00000|100%| E|CS|TAMS 0x000000008c900000, 0x000000008c900000| Complete 
| 202|0x000000008ca00000, 0x000000008cb00000, 0x000000008cb00000|100%| E|CS|TAMS 0x000000008ca00000, 0x000000008ca00000| Complete 
| 203|0x000000008cb00000, 0x000000008cc00000, 0x000000008cc00000|100%| E|CS|TAMS 0x000000008cb00000, 0x000000008cb00000| Complete 
| 204|0x000000008cc00000, 0x000000008cd00000, 0x000000008cd00000|100%| E|CS|TAMS 0x000000008cc00000, 0x000000008cc00000| Complete 
| 205|0x000000008cd00000, 0x000000008ce00000, 0x000000008ce00000|100%| E|CS|TAMS 0x000000008cd00000, 0x000000008cd00000| Complete 
| 206|0x000000008ce00000, 0x000000008cf00000, 0x000000008cf00000|100%| E|CS|TAMS 0x000000008ce00000, 0x000000008ce00000| Complete 
| 207|0x000000008cf00000, 0x000000008d000000, 0x000000008d000000|100%| E|CS|TAMS 0x000000008cf00000, 0x000000008cf00000| Complete 
| 208|0x000000008d000000, 0x000000008d100000, 0x000000008d100000|100%| E|CS|TAMS 0x000000008d000000, 0x000000008d000000| Complete 
| 209|0x000000008d100000, 0x000000008d200000, 0x000000008d200000|100%| E|CS|TAMS 0x000000008d100000, 0x000000008d100000| Complete 
| 210|0x000000008d200000, 0x000000008d300000, 0x000000008d300000|100%| E|CS|TAMS 0x000000008d200000, 0x000000008d200000| Complete 
| 211|0x000000008d300000, 0x000000008d400000, 0x000000008d400000|100%| E|CS|TAMS 0x000000008d300000, 0x000000008d300000| Complete 
| 212|0x000000008d400000, 0x000000008d500000, 0x000000008d500000|100%| E|CS|TAMS 0x000000008d400000, 0x000000008d400000| Complete 
| 213|0x000000008d500000, 0x000000008d600000, 0x000000008d600000|100%| E|CS|TAMS 0x000000008d500000, 0x000000008d500000| Complete 
| 214|0x000000008d600000, 0x000000008d700000, 0x000000008d700000|100%| E|CS|TAMS 0x000000008d600000, 0x000000008d600000| Complete 
| 215|0x000000008d700000, 0x000000008d800000, 0x000000008d800000|100%| E|CS|TAMS 0x000000008d700000, 0x000000008d700000| Complete 
| 216|0x000000008d800000, 0x000000008d900000, 0x000000008d900000|100%| E|CS|TAMS 0x000000008d800000, 0x000000008d800000| Complete 
| 217|0x000000008d900000, 0x000000008da00000, 0x000000008da00000|100%| E|CS|TAMS 0x000000008d900000, 0x000000008d900000| Complete 
| 218|0x000000008da00000, 0x000000008db00000, 0x000000008db00000|100%| E|CS|TAMS 0x000000008da00000, 0x000000008da00000| Complete 
| 219|0x000000008db00000, 0x000000008dc00000, 0x000000008dc00000|100%| E|CS|TAMS 0x000000008db00000, 0x000000008db00000| Complete 
| 220|0x000000008dc00000, 0x000000008dd00000, 0x000000008dd00000|100%| E|CS|TAMS 0x000000008dc00000, 0x000000008dc00000| Complete 
| 221|0x000000008dd00000, 0x000000008de00000, 0x000000008de00000|100%| E|CS|TAMS 0x000000008dd00000, 0x000000008dd00000| Complete 
| 222|0x000000008de00000, 0x000000008df00000, 0x000000008df00000|100%| E|CS|TAMS 0x000000008de00000, 0x000000008de00000| Complete 
| 223|0x000000008df00000, 0x000000008e000000, 0x000000008e000000|100%| E|CS|TAMS 0x000000008df00000, 0x000000008df00000| Complete 
| 224|0x000000008e000000, 0x000000008e100000, 0x000000008e100000|100%| E|CS|TAMS 0x000000008e000000, 0x000000008e000000| Complete 
| 225|0x000000008e100000, 0x000000008e200000, 0x000000008e200000|100%| E|CS|TAMS 0x000000008e100000, 0x000000008e100000| Complete 
| 226|0x000000008e200000, 0x000000008e300000, 0x000000008e300000|100%| E|CS|TAMS 0x000000008e200000, 0x000000008e200000| Complete 
| 227|0x000000008e300000, 0x000000008e400000, 0x000000008e400000|100%| E|CS|TAMS 0x000000008e300000, 0x000000008e300000| Complete 
| 228|0x000000008e400000, 0x000000008e500000, 0x000000008e500000|100%| E|CS|TAMS 0x000000008e400000, 0x000000008e400000| Complete 
| 229|0x000000008e500000, 0x000000008e600000, 0x000000008e600000|100%| E|CS|TAMS 0x000000008e500000, 0x000000008e500000| Complete 
| 230|0x000000008e600000, 0x000000008e700000, 0x000000008e700000|100%| E|CS|TAMS 0x000000008e600000, 0x000000008e600000| Complete 
| 231|0x000000008e700000, 0x000000008e800000, 0x000000008e800000|100%| E|CS|TAMS 0x000000008e700000, 0x000000008e700000| Complete 
| 232|0x000000008e800000, 0x000000008e900000, 0x000000008e900000|100%| E|CS|TAMS 0x000000008e800000, 0x000000008e800000| Complete 
| 233|0x000000008e900000, 0x000000008ea00000, 0x000000008ea00000|100%| E|CS|TAMS 0x000000008e900000, 0x000000008e900000| Complete 
| 234|0x000000008ea00000, 0x000000008eb00000, 0x000000008eb00000|100%| E|CS|TAMS 0x000000008ea00000, 0x000000008ea00000| Complete 
| 235|0x000000008eb00000, 0x000000008ec00000, 0x000000008ec00000|100%| E|CS|TAMS 0x000000008eb00000, 0x000000008eb00000| Complete 
| 236|0x000000008ec00000, 0x000000008ed00000, 0x000000008ed00000|100%| E|CS|TAMS 0x000000008ec00000, 0x000000008ec00000| Complete 
| 237|0x000000008ed00000, 0x000000008ee00000, 0x000000008ee00000|100%| E|CS|TAMS 0x000000008ed00000, 0x000000008ed00000| Complete 
| 238|0x000000008ee00000, 0x000000008ef00000, 0x000000008ef00000|100%| E|CS|TAMS 0x000000008ee00000, 0x000000008ee00000| Complete 
| 239|0x000000008ef00000, 0x000000008f000000, 0x000000008f000000|100%| E|CS|TAMS 0x000000008ef00000, 0x000000008ef00000| Complete 
| 240|0x000000008f000000, 0x000000008f100000, 0x000000008f100000|100%| E|CS|TAMS 0x000000008f000000, 0x000000008f000000| Complete 
| 241|0x000000008f100000, 0x000000008f200000, 0x000000008f200000|100%| E|CS|TAMS 0x000000008f100000, 0x000000008f100000| Complete 
| 242|0x000000008f200000, 0x000000008f300000, 0x000000008f300000|100%| E|CS|TAMS 0x000000008f200000, 0x000000008f200000| Complete 

Card table byte_map: [0x00000213b1500000,0x00000213b1900000] _byte_map_base: 0x00000213b1100000

Marking Bits (Prev, Next): (CMBitMap*) 0x000002139e9495d0, (CMBitMap*) 0x000002139e949610
 Prev Bits: [0x00000213b1d00000, 0x00000213b3d00000)
 Next Bits: [0x00000213b3d00000, 0x00000213b5d00000)

Polling page: 0x000002139c840000

Metaspace:

Usage:
  Non-class:     77.45 MB used.
      Class:     12.14 MB used.
       Both:     89.59 MB used.

Virtual space:
  Non-class space:       80.00 MB reserved,      77.75 MB ( 97%) committed,  10 nodes.
      Class space:        1.00 GB reserved,      12.44 MB (  1%) committed,  1 nodes.
             Both:        1.08 GB reserved,      90.19 MB (  8%) committed. 

Chunk freelists:
   Non-Class:  2.02 MB
       Class:  3.48 MB
        Both:  5.50 MB

MaxMetaspaceSize: unlimited
CompressedClassSpaceSize: 1.00 GB
Initial GC threshold: 21.00 MB
Current GC threshold: 134.06 MB
CDS: off
MetaspaceReclaimPolicy: balanced
 - commit_granule_bytes: 65536.
 - commit_granule_words: 8192.
 - virtual_space_node_default_size: 1048576.
 - enlarge_chunks_in_place: 1.
 - new_chunks_are_fully_committed: 0.
 - uncommit_free_chunks: 1.
 - use_allocation_guard: 0.
 - handle_deallocations: 1.


Internal statistics:

num_allocs_failed_limit: 6.
num_arena_births: 784.
num_arena_deaths: 0.
num_vsnodes_births: 11.
num_vsnodes_deaths: 0.
num_space_committed: 1443.
num_space_uncommitted: 0.
num_chunks_returned_to_freelist: 6.
num_chunks_taken_from_freelist: 4072.
num_chunk_merges: 6.
num_chunk_splits: 2738.
num_chunks_enlarged: 1870.
num_purges: 0.
num_inconsistent_stats: 0.

CodeHeap 'non-profiled nmethods': size=120000Kb used=4201Kb max_used=4201Kb free=115798Kb
 bounds [0x00000213a9890000, 0x00000213a9cb0000, 0x00000213b0dc0000]
CodeHeap 'profiled nmethods': size=120000Kb used=16562Kb max_used=16562Kb free=103438Kb
 bounds [0x00000213a1dc0000, 0x00000213a2df0000, 0x00000213a92f0000]
CodeHeap 'non-nmethods': size=5760Kb used=2394Kb max_used=2433Kb free=3365Kb
 bounds [0x00000213a92f0000, 0x00000213a9560000, 0x00000213a9890000]
 total_blobs=9223 nmethods=8303 adapters=831
 compilation: enabled
              stopped_count=0, restarted_count=0
 full_count=0

Compilation events (20 events):
Event: 36.672 Thread 0x00000213b9049920 9167       1       org.gradle.api.internal.artifacts.ivyservice.resolutionstrategy.DefaultCachePolicy::setMutationValidator (6 bytes)
Event: 36.672 Thread 0x00000213b9049920 nmethod 9167 0x00000213a9ca8990 code [0x00000213a9ca8b20, 0x00000213a9ca8c38]
Event: 36.672 Thread 0x00000213b9049920 9168       1       org.gradle.api.internal.artifacts.ivyservice.resolutionstrategy.DefaultComponentSelectionRules::setMutationValidator (6 bytes)
Event: 36.672 Thread 0x00000213b9049920 nmethod 9168 0x00000213a9ca8c90 code [0x00000213a9ca8e20, 0x00000213a9ca8f38]
Event: 36.672 Thread 0x00000213b9049920 9169       1       org.gradle.api.internal.artifacts.ivyservice.dependencysubstitution.DefaultDependencySubstitutions::setMutationValidator (6 bytes)
Event: 36.672 Thread 0x00000213b9049920 nmethod 9169 0x00000213a9ca8f90 code [0x00000213a9ca9120, 0x00000213a9ca9238]
Event: 36.673 Thread 0x00000213b9049920 9170       3       org.gradle.api.internal.artifacts.configurations.Configurations::getNames (99 bytes)
Event: 36.675 Thread 0x00000213b9049920 nmethod 9170 0x00000213a2dd6290 code [0x00000213a2dd6680, 0x00000213a2dd8618]
Event: 36.675 Thread 0x00000213b9049920 9171       1       org.gradle.api.internal.artifacts.configurations.DefaultConfiguration::getConsumptionDeprecation (5 bytes)
Event: 36.675 Thread 0x00000213b9049920 nmethod 9171 0x00000213a9ca9290 code [0x00000213a9ca9420, 0x00000213a9ca94f8]
Event: 36.675 Thread 0x00000213b9049920 9172       1       org.gradle.api.internal.artifacts.configurations.DefaultConfiguration::getConsistentResolutionConstraints (5 bytes)
Event: 36.675 Thread 0x00000213b9049920 nmethod 9172 0x00000213a9ca9590 code [0x00000213a9ca9720, 0x00000213a9ca97f8]
Event: 36.677 Thread 0x00000213b9049920 9173       3       org.gradle.api.internal.collections.AbstractIterationOrderRetainingElementSource::isEmpty (10 bytes)
Event: 36.677 Thread 0x00000213b9049920 nmethod 9173 0x00000213a2dd8e90 code [0x00000213a2dd9040, 0x00000213a2dd9208]
Event: 36.677 Thread 0x00000213b9049920 9174       3       org.gradle.internal.typeconversion.TypedNotationConverter::<init> (30 bytes)
Event: 36.677 Thread 0x00000213b9049920 nmethod 9174 0x00000213a2dd9310 code [0x00000213a2dd94a0, 0x00000213a2dd9678]
Event: 36.677 Thread 0x00000213b9049920 9175       3       org.gradle.internal.model.CalculatedValueContainerFactory::create (18 bytes)
Event: 36.677 Thread 0x00000213b9049920 nmethod 9175 0x00000213a2dd9710 code [0x00000213a2dd98c0, 0x00000213a2dd9a68]
Event: 36.677 Thread 0x00000213b9049920 9176       3       org.gradle.api.internal.DefaultDomainObjectSet_Decorated::isEmpty (45 bytes)
Event: 36.678 Thread 0x00000213b9049920 nmethod 9176 0x00000213a2dd9b10 code [0x00000213a2dd9d40, 0x00000213a2dda3f8]

GC Heap History (20 events):
Event: 30.289 GC heap before
{Heap before GC invocations=43 (full 0):
 garbage-first heap   total 116736K, used 65822K [0x0000000080000000, 0x0000000100000000)
  region size 1024K, 5 young (5120K), 3 survivors (3072K)
 Metaspace       used 70391K, committed 70976K, reserved 1114112K
  class space    used 9274K, committed 9536K, reserved 1048576K
}
Event: 30.293 GC heap after
{Heap after GC invocations=44 (full 0):
 garbage-first heap   total 116736K, used 63840K [0x0000000080000000, 0x0000000100000000)
  region size 1024K, 1 young (1024K), 1 survivors (1024K)
 Metaspace       used 70391K, committed 70976K, reserved 1114112K
  class space    used 9274K, committed 9536K, reserved 1048576K
}
Event: 31.155 GC heap before
{Heap before GC invocations=44 (full 0):
 garbage-first heap   total 116736K, used 87392K [0x0000000080000000, 0x0000000100000000)
  region size 1024K, 25 young (25600K), 1 survivors (1024K)
 Metaspace       used 73660K, committed 74240K, reserved 1114112K
  class space    used 9702K, committed 9984K, reserved 1048576K
}
Event: 31.158 GC heap after
{Heap after GC invocations=45 (full 0):
 garbage-first heap   total 116736K, used 65259K [0x0000000080000000, 0x0000000100000000)
  region size 1024K, 2 young (2048K), 2 survivors (2048K)
 Metaspace       used 73660K, committed 74240K, reserved 1114112K
  class space    used 9702K, committed 9984K, reserved 1048576K
}
Event: 31.939 GC heap before
{Heap before GC invocations=46 (full 0):
 garbage-first heap   total 116736K, used 88811K [0x0000000080000000, 0x0000000100000000)
  region size 1024K, 27 young (27648K), 2 survivors (2048K)
 Metaspace       used 75652K, committed 76160K, reserved 1122304K
  class space    used 9998K, committed 10240K, reserved 1048576K
}
Event: 31.944 GC heap after
{Heap after GC invocations=47 (full 0):
 garbage-first heap   total 116736K, used 66872K [0x0000000080000000, 0x0000000100000000)
  region size 1024K, 4 young (4096K), 4 survivors (4096K)
 Metaspace       used 75652K, committed 76160K, reserved 1122304K
  class space    used 9998K, committed 10240K, reserved 1048576K
}
Event: 31.956 GC heap before
{Heap before GC invocations=47 (full 0):
 garbage-first heap   total 116736K, used 67896K [0x0000000080000000, 0x0000000100000000)
  region size 1024K, 5 young (5120K), 4 survivors (4096K)
 Metaspace       used 75660K, committed 76160K, reserved 1122304K
  class space    used 9999K, committed 10240K, reserved 1048576K
}
Event: 31.962 GC heap after
{Heap after GC invocations=48 (full 0):
 garbage-first heap   total 116736K, used 67055K [0x0000000080000000, 0x0000000100000000)
  region size 1024K, 1 young (1024K), 1 survivors (1024K)
 Metaspace       used 75660K, committed 76160K, reserved 1122304K
  class space    used 9999K, committed 10240K, reserved 1048576K
}
Event: 32.105 GC heap before
{Heap before GC invocations=48 (full 0):
 garbage-first heap   total 116736K, used 91631K [0x0000000080000000, 0x0000000100000000)
  region size 1024K, 25 young (25600K), 1 survivors (1024K)
 Metaspace       used 75687K, committed 76160K, reserved 1122304K
  class space    used 10003K, committed 10240K, reserved 1048576K
}
Event: 32.107 GC heap after
{Heap after GC invocations=49 (full 0):
 garbage-first heap   total 116736K, used 68126K [0x0000000080000000, 0x0000000100000000)
  region size 1024K, 2 young (2048K), 2 survivors (2048K)
 Metaspace       used 75687K, committed 76160K, reserved 1122304K
  class space    used 10003K, committed 10240K, reserved 1048576K
}
Event: 32.689 GC heap before
{Heap before GC invocations=50 (full 0):
 garbage-first heap   total 119808K, used 93726K [0x0000000080000000, 0x0000000100000000)
  region size 1024K, 27 young (27648K), 2 survivors (2048K)
 Metaspace       used 78359K, committed 78912K, reserved 1122304K
  class space    used 10352K, committed 10624K, reserved 1048576K
}
Event: 32.693 GC heap after
{Heap after GC invocations=51 (full 0):
 garbage-first heap   total 119808K, used 70914K [0x0000000080000000, 0x0000000100000000)
  region size 1024K, 4 young (4096K), 4 survivors (4096K)
 Metaspace       used 78359K, committed 78912K, reserved 1122304K
  class space    used 10352K, committed 10624K, reserved 1048576K
}
Event: 32.718 GC heap before
{Heap before GC invocations=51 (full 0):
 garbage-first heap   total 119808K, used 71938K [0x0000000080000000, 0x0000000100000000)
  region size 1024K, 5 young (5120K), 4 survivors (4096K)
 Metaspace       used 78494K, committed 79040K, reserved 1122304K
  class space    used 10373K, committed 10624K, reserved 1048576K
}
Event: 32.723 GC heap after
{Heap after GC invocations=52 (full 0):
 garbage-first heap   total 119808K, used 70786K [0x0000000080000000, 0x0000000100000000)
  region size 1024K, 1 young (1024K), 1 survivors (1024K)
 Metaspace       used 78494K, committed 79040K, reserved 1122304K
  class space    used 10373K, committed 10624K, reserved 1048576K
}
Event: 33.473 GC heap before
{Heap before GC invocations=52 (full 0):
 garbage-first heap   total 119808K, used 95362K [0x0000000080000000, 0x0000000100000000)
  region size 1024K, 26 young (26624K), 1 survivors (1024K)
 Metaspace       used 81750K, committed 82368K, reserved 1122304K
  class space    used 11017K, committed 11264K, reserved 1048576K
}
Event: 33.479 GC heap after
{Heap after GC invocations=53 (full 0):
 garbage-first heap   total 119808K, used 71572K [0x0000000080000000, 0x0000000100000000)
  region size 1024K, 2 young (2048K), 2 survivors (2048K)
 Metaspace       used 81750K, committed 82368K, reserved 1122304K
  class space    used 11017K, committed 11264K, reserved 1048576K
}
Event: 34.331 GC heap before
{Heap before GC invocations=54 (full 0):
 garbage-first heap   total 122880K, used 96148K [0x0000000080000000, 0x0000000100000000)
  region size 1024K, 27 young (27648K), 2 survivors (2048K)
 Metaspace       used 84175K, committed 84800K, reserved 1122304K
  class space    used 11364K, committed 11648K, reserved 1048576K
}
Event: 34.339 GC heap after
{Heap after GC invocations=55 (full 0):
 garbage-first heap   total 122880K, used 73419K [0x0000000080000000, 0x0000000100000000)
  region size 1024K, 4 young (4096K), 4 survivors (4096K)
 Metaspace       used 84175K, committed 84800K, reserved 1122304K
  class space    used 11364K, committed 11648K, reserved 1048576K
}
Event: 34.397 GC heap before
{Heap before GC invocations=55 (full 0):
 garbage-first heap   total 122880K, used 75467K [0x0000000080000000, 0x0000000100000000)
  region size 1024K, 6 young (6144K), 4 survivors (4096K)
 Metaspace       used 84410K, committed 84992K, reserved 1122304K
  class space    used 11403K, committed 11648K, reserved 1048576K
}
Event: 34.402 GC heap after
{Heap after GC invocations=56 (full 0):
 garbage-first heap   total 248832K, used 73542K [0x0000000080000000, 0x0000000100000000)
  region size 1024K, 1 young (1024K), 1 survivors (1024K)
 Metaspace       used 84410K, committed 84992K, reserved 1122304K
  class space    used 11403K, committed 11648K, reserved 1048576K
}

Dll operation events (2 events):
Event: 0.048 Loaded shared library C:\Program Files\Android\Android Studio\jbr\bin\java.dll
Event: 1.590 Loaded shared library C:\Program Files\Android\Android Studio\jbr\bin\verify.dll

Deoptimization events (20 events):
Event: 35.942 Thread 0x00000213ba9a7040 DEOPT PACKING pc=0x00000213a9c46040 sp=0x0000003b8dbf8480
Event: 35.942 Thread 0x00000213ba9a7040 DEOPT UNPACKING pc=0x00000213a934a1a3 sp=0x0000003b8dbf82b0 mode 2
Event: 36.094 Thread 0x00000213ba9a7040 Uncommon trap: trap_request=0xffffff45 fr.pc=0x00000213a9c3d37c relative=0x000000000000149c
Event: 36.094 Thread 0x00000213ba9a7040 Uncommon trap: reason=unstable_if action=reinterpret pc=0x00000213a9c3d37c method=java.util.regex.Pattern.atom()Ljava/util/regex/Pattern$Node; @ 14 c2
Event: 36.094 Thread 0x00000213ba9a7040 DEOPT PACKING pc=0x00000213a9c3d37c sp=0x0000003b8dbf87f0
Event: 36.094 Thread 0x00000213ba9a7040 DEOPT UNPACKING pc=0x00000213a934a1a3 sp=0x0000003b8dbf87b8 mode 2
Event: 36.095 Thread 0x00000213ba9a7040 DEOPT PACKING pc=0x00000213a228c4cb sp=0x0000003b8dbf9190
Event: 36.095 Thread 0x00000213ba9a7040 DEOPT UNPACKING pc=0x00000213a934ace3 sp=0x0000003b8dbf8640 mode 0
Event: 36.096 Thread 0x00000213ba9a7040 DEOPT PACKING pc=0x00000213a228c4cb sp=0x0000003b8dbf9190
Event: 36.096 Thread 0x00000213ba9a7040 DEOPT UNPACKING pc=0x00000213a934ace3 sp=0x0000003b8dbf8640 mode 0
Event: 36.097 Thread 0x00000213ba9a7040 Uncommon trap: trap_request=0xffffff45 fr.pc=0x00000213a994b294 relative=0x00000000000005b4
Event: 36.097 Thread 0x00000213ba9a7040 Uncommon trap: reason=unstable_if action=reinterpret pc=0x00000213a994b294 method=java.util.regex.Matcher.find()Z @ 10 c2
Event: 36.097 Thread 0x00000213ba9a7040 DEOPT PACKING pc=0x00000213a994b294 sp=0x0000003b8dbf8c00
Event: 36.097 Thread 0x00000213ba9a7040 DEOPT UNPACKING pc=0x00000213a934a1a3 sp=0x0000003b8dbf8bc0 mode 2
Event: 36.110 Thread 0x00000213ba9a7040 Uncommon trap: trap_request=0xffffff45 fr.pc=0x00000213a995875c relative=0x000000000000029c
Event: 36.110 Thread 0x00000213ba9a7040 Uncommon trap: reason=unstable_if action=reinterpret pc=0x00000213a995875c method=java.lang.CharacterDataLatin1.digit(II)I @ 12 c2
Event: 36.110 Thread 0x00000213ba9a7040 DEOPT PACKING pc=0x00000213a995875c sp=0x0000003b8dbf8fe0
Event: 36.110 Thread 0x00000213ba9a7040 DEOPT UNPACKING pc=0x00000213a934a1a3 sp=0x0000003b8dbf8e00 mode 2
Event: 36.611 Thread 0x00000213ba9a7040 DEOPT PACKING pc=0x00000213a2d25a28 sp=0x0000003b8dbf8400
Event: 36.611 Thread 0x00000213ba9a7040 DEOPT UNPACKING pc=0x00000213a934ace3 sp=0x0000003b8dbf7918 mode 0

Classes unloaded (0 events):
No events

Classes redefined (0 events):
No events

Internal exceptions (20 events):
Event: 33.948 Thread 0x00000213ba9a7040 Exception <a 'java/lang/ClassNotFoundException'{0x0000000086eaab48}: com/android/build/gradle/internal/api/ApkVariantOutputImplCustomizer> (0x0000000086eaab48) 
thrown [s\src\hotspot\share\classfile\systemDictionary.cpp, line 256]
Event: 33.949 Thread 0x00000213ba9a7040 Exception <a 'java/lang/ClassNotFoundException'{0x0000000086ec5c60}: com/android/build/gradle/internal/api/ApkVariantOutputImpl_DecoratedCustomizer> (0x0000000086ec5c60) 
thrown [s\src\hotspot\share\classfile\systemDictionary.cpp, line 256]
Event: 34.146 Thread 0x00000213ba9a7040 Exception <a 'java/lang/ClassNotFoundException'{0x00000000867cc140}: com/android/build/gradle/internal/api/ReadOnlyBuildTypeBeanInfo> (0x00000000867cc140) 
thrown [s\src\hotspot\share\classfile\systemDictionary.cpp, line 256]
Event: 34.147 Thread 0x00000213ba9a7040 Exception <a 'java/lang/ClassNotFoundException'{0x00000000867d9ac8}: com/android/build/gradle/internal/api/ReadOnlyBaseConfigBeanInfo> (0x00000000867d9ac8) 
thrown [s\src\hotspot\share\classfile\systemDictionary.cpp, line 256]
Event: 34.148 Thread 0x00000213ba9a7040 Exception <a 'java/lang/ClassNotFoundException'{0x00000000867e7470}: com/android/build/gradle/internal/api/ReadOnlyBaseConfigCustomizer> (0x00000000867e7470) 
thrown [s\src\hotspot\share\classfile\systemDictionary.cpp, line 256]
Event: 34.149 Thread 0x00000213ba9a7040 Exception <a 'java/lang/ClassNotFoundException'{0x00000000866061f0}: com/android/build/gradle/internal/api/ReadOnlyBuildTypeCustomizer> (0x00000000866061f0) 
thrown [s\src\hotspot\share\classfile\systemDictionary.cpp, line 256]
Event: 34.440 Thread 0x00000213ba9a7040 Implicit null exception at 0x00000213a998f729 to 0x00000213a9990038
Event: 34.440 Thread 0x00000213ba9a7040 Implicit null exception at 0x00000213a99918db to 0x00000213a9991964
Event: 34.440 Thread 0x00000213ba9a7040 Implicit null exception at 0x00000213a998f729 to 0x00000213a9990038
Event: 34.440 Thread 0x00000213ba9a7040 Implicit null exception at 0x00000213a998f729 to 0x00000213a9990038
Event: 34.440 Thread 0x00000213ba9a7040 Implicit null exception at 0x00000213a998f729 to 0x00000213a9990038
Event: 34.652 Thread 0x00000213ba9a7040 Implicit null exception at 0x00000213a9ac8192 to 0x00000213a9ac87f8
Event: 34.652 Thread 0x00000213ba9a7040 Implicit null exception at 0x00000213a9ac4e14 to 0x00000213a9ac54e0
Event: 35.339 Thread 0x00000213ba9a7040 Exception <a 'sun/nio/fs/WindowsException'{0x000000008d76b208}> (0x000000008d76b208) 
thrown [s\src\hotspot\share\prims\jni.cpp, line 517]
Event: 35.542 Thread 0x00000213ba9a7040 Exception <a 'java/lang/NullPointerException'{0x000000008d0cee68}> (0x000000008d0cee68) 
thrown [s\src\hotspot\share\interpreter\linkResolver.cpp, line 1447]
Event: 35.724 Thread 0x00000213ba9a7040 Implicit null exception at 0x00000213a9a7a710 to 0x00000213a9a7c8b4
Event: 36.133 Thread 0x00000213ba9a7040 Exception <a 'sun/nio/fs/WindowsException'{0x000000008c15b520}> (0x000000008c15b520) 
thrown [s\src\hotspot\share\prims\jni.cpp, line 517]
Event: 36.135 Thread 0x00000213ba9a7040 Exception <a 'sun/nio/fs/WindowsException'{0x000000008c15c8b0}> (0x000000008c15c8b0) 
thrown [s\src\hotspot\share\prims\jni.cpp, line 517]
Event: 36.135 Thread 0x00000213ba9a7040 Exception <a 'sun/nio/fs/WindowsException'{0x000000008c15dc78}> (0x000000008c15dc78) 
thrown [s\src\hotspot\share\prims\jni.cpp, line 517]
Event: 36.136 Thread 0x00000213ba9a7040 Exception <a 'sun/nio/fs/WindowsException'{0x000000008c15f040}> (0x000000008c15f040) 
thrown [s\src\hotspot\share\prims\jni.cpp, line 517]

VM Operations (20 events):
Event: 34.636 Executing VM operation: HandshakeAllThreads
Event: 34.636 Executing VM operation: HandshakeAllThreads done
Event: 34.733 Executing VM operation: HandshakeAllThreads
Event: 34.733 Executing VM operation: HandshakeAllThreads done
Event: 34.837 Executing VM operation: ICBufferFull
Event: 34.837 Executing VM operation: ICBufferFull done
Event: 35.483 Executing VM operation: HandshakeAllThreads
Event: 35.484 Executing VM operation: HandshakeAllThreads done
Event: 35.633 Executing VM operation: ICBufferFull
Event: 35.633 Executing VM operation: ICBufferFull done
Event: 36.051 Executing VM operation: HandshakeAllThreads
Event: 36.052 Executing VM operation: HandshakeAllThreads done
Event: 36.134 Executing VM operation: HandshakeAllThreads
Event: 36.134 Executing VM operation: HandshakeAllThreads done
Event: 36.134 Executing VM operation: HandshakeAllThreads
Event: 36.135 Executing VM operation: HandshakeAllThreads done
Event: 36.150 Executing VM operation: ICBufferFull
Event: 36.150 Executing VM operation: ICBufferFull done
Event: 36.166 Executing VM operation: HandshakeAllThreads
Event: 36.166 Executing VM operation: HandshakeAllThreads done

Events (20 events):
Event: 36.160 loading class jdk/internal/reflect/UnsafeBooleanFieldAccessorImpl
Event: 36.160 loading class jdk/internal/reflect/UnsafeBooleanFieldAccessorImpl done
Event: 36.356 loading class java/util/concurrent/ConcurrentSkipListMap$KeySet
Event: 36.357 loading class java/util/concurrent/ConcurrentSkipListMap$KeySet done
Event: 36.357 loading class java/util/concurrent/ConcurrentSkipListMap$KeyIterator
Event: 36.357 loading class java/util/concurrent/ConcurrentSkipListMap$KeyIterator done
Event: 36.357 loading class java/net/InetAddress$NameServiceAddresses
Event: 36.358 loading class java/net/InetAddress$Addresses
Event: 36.358 loading class java/net/InetAddress$Addresses done
Event: 36.358 loading class java/net/InetAddress$NameServiceAddresses done
Event: 36.537 loading class sun/net/InetAddressCachePolicy
Event: 36.537 loading class sun/net/InetAddressCachePolicy done
Event: 36.537 loading class sun/net/InetAddressCachePolicy$1
Event: 36.537 loading class sun/net/InetAddressCachePolicy$1 done
Event: 36.537 loading class sun/net/InetAddressCachePolicy$2
Event: 36.538 loading class sun/net/InetAddressCachePolicy$2 done
Event: 36.538 loading class java/net/InetAddress$CachedAddresses
Event: 36.538 loading class java/net/InetAddress$CachedAddresses done
Event: 36.538 loading class java/net/InetAddress$CachedLocalHost
Event: 36.538 loading class java/net/InetAddress$CachedLocalHost done


Dynamic libraries:
0x00007ff627fd0000 - 0x00007ff627fda000 	C:\Program Files\Android\Android Studio\jbr\bin\java.exe
0x00007ffd5ecf0000 - 0x00007ffd5eee8000 	C:\WINDOWS\SYSTEM32\ntdll.dll
0x00007ffd5d700000 - 0x00007ffd5d7bd000 	C:\WINDOWS\System32\KERNEL32.DLL
0x00007ffd5c6e0000 - 0x00007ffd5c9d6000 	C:\WINDOWS\System32\KERNELBASE.dll
0x00007ffd5c3d0000 - 0x00007ffd5c4d0000 	C:\WINDOWS\System32\ucrtbase.dll
0x00007ffd55980000 - 0x00007ffd55997000 	C:\Program Files\Android\Android Studio\jbr\bin\jli.dll
0x00007ffd39820000 - 0x00007ffd3983b000 	C:\Program Files\Android\Android Studio\jbr\bin\VCRUNTIME140.dll
0x00007ffd49d90000 - 0x00007ffd4a02a000 	C:\WINDOWS\WinSxS\amd64_microsoft.windows.common-controls_6595b64144ccf1df_6.0.19041.3636_none_60b6a03d71f818d5\COMCTL32.dll
0x00007ffd5cf00000 - 0x00007ffd5d09e000 	C:\WINDOWS\System32\USER32.dll
0x00007ffd5c660000 - 0x00007ffd5c682000 	C:\WINDOWS\System32\win32u.dll
0x00007ffd5e1d0000 - 0x00007ffd5e1fc000 	C:\WINDOWS\System32\GDI32.dll
0x00007ffd5c9e0000 - 0x00007ffd5cafa000 	C:\WINDOWS\System32\gdi32full.dll
0x00007ffd5ccb0000 - 0x00007ffd5cd4d000 	C:\WINDOWS\System32\msvcp_win.dll
0x00007ffd5d660000 - 0x00007ffd5d6fe000 	C:\WINDOWS\System32\msvcrt.dll
0x00007ffd5d7c0000 - 0x00007ffd5d7f0000 	C:\WINDOWS\System32\IMM32.DLL
0x00007ffd57ad0000 - 0x00007ffd57adc000 	C:\Program Files\Android\Android Studio\jbr\bin\vcruntime140_1.dll
0x00007ffd2c0b0000 - 0x00007ffd2c13d000 	C:\Program Files\Android\Android Studio\jbr\bin\msvcp140.dll
0x00007ffd1fa20000 - 0x00007ffd2068e000 	C:\Program Files\Android\Android Studio\jbr\bin\server\jvm.dll
0x00007ffd5cd50000 - 0x00007ffd5cdff000 	C:\WINDOWS\System32\ADVAPI32.dll
0x00007ffd5ce60000 - 0x00007ffd5cefc000 	C:\WINDOWS\System32\sechost.dll
0x00007ffd5db50000 - 0x00007ffd5dc76000 	C:\WINDOWS\System32\RPCRT4.dll
0x00007ffd552e0000 - 0x00007ffd552ea000 	C:\WINDOWS\SYSTEM32\VERSION.dll
0x00007ffd47890000 - 0x00007ffd478b7000 	C:\WINDOWS\SYSTEM32\WINMM.dll
0x00007ffd58b00000 - 0x00007ffd58b09000 	C:\WINDOWS\SYSTEM32\WSOCK32.dll
0x00007ffd5de30000 - 0x00007ffd5de9b000 	C:\WINDOWS\System32\WS2_32.dll
0x00007ffd5ac20000 - 0x00007ffd5ac32000 	C:\WINDOWS\SYSTEM32\kernel.appcore.dll
0x00007ffd57ae0000 - 0x00007ffd57aea000 	C:\Program Files\Android\Android Studio\jbr\bin\jimage.dll
0x00007ffd5a190000 - 0x00007ffd5a374000 	C:\WINDOWS\SYSTEM32\DBGHELP.DLL
0x00007ffd47650000 - 0x00007ffd47684000 	C:\WINDOWS\SYSTEM32\dbgcore.DLL
0x00007ffd5cb00000 - 0x00007ffd5cb82000 	C:\WINDOWS\System32\bcryptPrimitives.dll
0x00007ffd57aa0000 - 0x00007ffd57ac5000 	C:\Program Files\Android\Android Studio\jbr\bin\java.dll
0x00007ffd57a30000 - 0x00007ffd57a48000 	C:\Program Files\Android\Android Studio\jbr\bin\zip.dll
0x00007ffd5e200000 - 0x00007ffd5e945000 	C:\WINDOWS\System32\SHELL32.dll
0x00007ffd5a470000 - 0x00007ffd5ac0b000 	C:\WINDOWS\SYSTEM32\windows.storage.dll
0x00007ffd5d7f0000 - 0x00007ffd5db44000 	C:\WINDOWS\System32\combase.dll
0x00007ffd5bd40000 - 0x00007ffd5bd6d000 	C:\WINDOWS\SYSTEM32\Wldp.dll
0x00007ffd5e950000 - 0x00007ffd5e9fd000 	C:\WINDOWS\System32\SHCORE.dll
0x00007ffd5ce00000 - 0x00007ffd5ce55000 	C:\WINDOWS\System32\shlwapi.dll
0x00007ffd5c300000 - 0x00007ffd5c325000 	C:\WINDOWS\SYSTEM32\profapi.dll
0x00007ffd55c70000 - 0x00007ffd55c89000 	C:\Program Files\Android\Android Studio\jbr\bin\net.dll
0x00007ffd522a0000 - 0x00007ffd523aa000 	C:\WINDOWS\SYSTEM32\WINHTTP.dll
0x00007ffd5baa0000 - 0x00007ffd5bb0a000 	C:\WINDOWS\system32\mswsock.dll
0x00007ffd55c50000 - 0x00007ffd55c66000 	C:\Program Files\Android\Android Studio\jbr\bin\nio.dll
0x00007ffd57a20000 - 0x00007ffd57a30000 	C:\Program Files\Android\Android Studio\jbr\bin\verify.dll
0x00007ffd55920000 - 0x00007ffd55947000 	C:\Users\User\.gradle\native\68d5fa5c4cc2d200863cafc0d521ce42e7d3e7ee720ec0a83991735586a16f82\windows-amd64\native-platform.dll
0x00007ffd119e0000 - 0x00007ffd11b24000 	C:\Users\User\.gradle\native\e376f236ea51e6404a007f0833ffe2c6e607c4080706a723a18a27aeea778392\windows-amd64\native-platform-file-events.dll
0x00007ffd55bc0000 - 0x00007ffd55bc9000 	C:\Program Files\Android\Android Studio\jbr\bin\management.dll
0x00007ffd55b40000 - 0x00007ffd55b4b000 	C:\Program Files\Android\Android Studio\jbr\bin\management_ext.dll
0x00007ffd5d0a0000 - 0x00007ffd5d0a8000 	C:\WINDOWS\System32\PSAPI.DLL
0x00007ffd5bc90000 - 0x00007ffd5bca8000 	C:\WINDOWS\SYSTEM32\CRYPTSP.dll
0x00007ffd5b3d0000 - 0x00007ffd5b404000 	C:\WINDOWS\system32\rsaenh.dll
0x00007ffd5c4d0000 - 0x00007ffd5c4f7000 	C:\WINDOWS\System32\bcrypt.dll
0x00007ffd5c2c0000 - 0x00007ffd5c2ee000 	C:\WINDOWS\SYSTEM32\USERENV.dll
0x00007ffd5bcb0000 - 0x00007ffd5bcbc000 	C:\WINDOWS\SYSTEM32\CRYPTBASE.dll
0x00007ffd5b790000 - 0x00007ffd5b7cb000 	C:\WINDOWS\SYSTEM32\IPHLPAPI.DLL
0x00007ffd5e080000 - 0x00007ffd5e088000 	C:\WINDOWS\System32\NSI.dll
0x00007ffd52ef0000 - 0x00007ffd52f07000 	C:\WINDOWS\SYSTEM32\dhcpcsvc6.DLL
0x00007ffd54220000 - 0x00007ffd5423d000 	C:\WINDOWS\SYSTEM32\dhcpcsvc.DLL
0x00007ffd5b7d0000 - 0x00007ffd5b89a000 	C:\WINDOWS\SYSTEM32\DNSAPI.dll
0x00007ffd559c0000 - 0x00007ffd559c7000 	C:\WINDOWS\system32\wshunix.dll
0x00007ffcecad0000 - 0x00007ffcecae7000 	C:\WINDOWS\system32\napinsp.dll
0x00007ffcecab0000 - 0x00007ffcecacb000 	C:\WINDOWS\system32\pnrpnsp.dll
0x00007ffd56f60000 - 0x00007ffd56f75000 	C:\WINDOWS\system32\wshbth.dll
0x00007ffd57810000 - 0x00007ffd5782d000 	C:\WINDOWS\system32\NLAapi.dll
0x00007ffcd8b10000 - 0x00007ffcd8b22000 	C:\WINDOWS\System32\winrnr.dll
0x00007ffd49400000 - 0x00007ffd4940a000 	C:\Windows\System32\rasadhlp.dll
0x00007ffd49ae0000 - 0x00007ffd49b60000 	C:\WINDOWS\System32\fwpuclnt.dll

dbghelp: loaded successfully - version: 4.0.5 - missing functions: none
symbol engine: initialized successfully - sym options: 0x614 - pdb path: .;C:\Program Files\Android\Android Studio\jbr\bin;C:\WINDOWS\SYSTEM32;C:\WINDOWS\WinSxS\amd64_microsoft.windows.common-controls_6595b64144ccf1df_6.0.19041.3636_none_60b6a03d71f818d5;C:\Program Files\Android\Android Studio\jbr\bin\server;C:\Users\User\.gradle\native\68d5fa5c4cc2d200863cafc0d521ce42e7d3e7ee720ec0a83991735586a16f82\windows-amd64;C:\Users\User\.gradle\native\e376f236ea51e6404a007f0833ffe2c6e607c4080706a723a18a27aeea778392\windows-amd64

VM Arguments:
jvm_args: --add-opens=java.base/java.util=ALL-UNNAMED --add-opens=java.base/java.lang=ALL-UNNAMED --add-opens=java.base/java.lang.invoke=ALL-UNNAMED --add-opens=java.prefs/java.util.prefs=ALL-UNNAMED --add-opens=java.base/java.nio.charset=ALL-UNNAMED --add-opens=java.base/java.net=ALL-UNNAMED --add-opens=java.base/java.util.concurrent.atomic=ALL-UNNAMED -Xmx2048m -Dfile.encoding=UTF-8 -Duser.country=RU -Duser.language=ru -Duser.variant 
java_command: org.gradle.launcher.daemon.bootstrap.GradleDaemon 8.0
java_class_path (initial): C:\Users\User\.gradle\wrapper\dists\gradle-8.0-bin\ca5e32bp14vu59qr306oxotwh\gradle-8.0\lib\gradle-launcher-8.0.jar
Launcher Type: SUN_STANDARD

[Global flags]
     intx CICompilerCount                          = 4                                         {product} {ergonomic}
     uint ConcGCThreads                            = 2                                         {product} {ergonomic}
     uint G1ConcRefinementThreads                  = 8                                         {product} {ergonomic}
   size_t G1HeapRegionSize                         = 1048576                                   {product} {ergonomic}
    uintx GCDrainStackTargetSize                   = 64                                        {product} {ergonomic}
   size_t InitialHeapSize                          = 132120576                                 {product} {ergonomic}
   size_t MarkStackSize                            = 4194304                                   {product} {ergonomic}
   size_t MaxHeapSize                              = 2147483648                                {product} {command line}
   size_t MaxNewSize                               = 1287651328                                {product} {ergonomic}
   size_t MinHeapDeltaBytes                        = 1048576                                   {product} {ergonomic}
   size_t MinHeapSize                              = 8388608                                   {product} {ergonomic}
    uintx NonNMethodCodeHeapSize                   = 5839372                                {pd product} {ergonomic}
    uintx NonProfiledCodeHeapSize                  = 122909434                              {pd product} {ergonomic}
    uintx ProfiledCodeHeapSize                     = 122909434                              {pd product} {ergonomic}
    uintx ReservedCodeCacheSize                    = 251658240                              {pd product} {ergonomic}
     bool SegmentedCodeCache                       = true                                      {product} {ergonomic}
   size_t SoftMaxHeapSize                          = 2147483648                             {manageable} {ergonomic}
     bool UseCompressedClassPointers               = true                           {product lp64_product} {ergonomic}
     bool UseCompressedOops                        = true                           {product lp64_product} {ergonomic}
     bool UseG1GC                                  = true                                      {product} {ergonomic}
     bool UseLargePagesIndividualAllocation        = false                                  {pd product} {ergonomic}

Logging:
Log output configuration:
 #0: stdout all=warning uptime,level,tags
 #1: stderr all=off uptime,level,tags

Environment Variables:
JAVA_HOME=C:\Program Files\Java\jdk-19
PATH=C:\Program Files\Common Files\Oracle\Java\javapath;C:\Program Files (x86)\Common Files\Oracle\Java\javapath;C:\WINDOWS\system32;C:\WINDOWS;C:\WINDOWS\System32\Wbem;C:\WINDOWS\System32\WindowsPowerShell\v1.0\;C:\WINDOWS\System32\OpenSSH\;%JAVA_HOME%\bin;C:\Program Files\Git\cmd;C:\Program Files\TortoiseGit\bin;C:\Users\User\anaconda3-1;C:\Users\User\anaconda3-1\Library\mingw-w64\bin;C:\Users\User\anaconda3-1\Library\usr\bin;C:\Users\User\anaconda3-1\Library\bin;C:\Users\User\anaconda3-1\Scripts;C:\Users\User\AppData\Local\Programs\Python\Python311\Scripts\;C:\Users\User\AppData\Local\Programs\Python\Python311\;C:\Users\User\AppData\Local\Microsoft\WindowsApps;C:\ProgramData\User\GitHubDesktop\bin;C:\Program Files\JetBrains\IntelliJ IDEA Community Edition 2023.2.1\bin;
USERNAME=User
OS=Windows_NT
PROCESSOR_IDENTIFIER=Intel64 Family 6 Model 126 Stepping 5, GenuineIntel
TMP=C:\Users\User\AppData\Local\Temp
TEMP=C:\Users\User\AppData\Local\Temp


JNI global refs:
JNI global refs: 26, weak refs: 7

JNI global refs memory usage: 843, weak refs: 841


---------------  S Y S T E M  ---------------

OS:
 Windows 10 , 64 bit Build 19041 (10.0.19041.3636)
OS uptime: 5 days 10:26 hours

CPU: total 8 (initial active 8) (4 cores per cpu, 2 threads per core) family 6 model 126 stepping 5 microcode 0xa6, cx8, cmov, fxsr, ht, mmx, 3dnowpref, sse, sse2, sse3, ssse3, sse4.1, sse4.2, popcnt, lzcnt, tsc, tscinvbit, avx, avx2, aes, erms, clmul, bmi1, bmi2, adx, avx512f, avx512dq, avx512cd, avx512bw, avx512vl, sha, fma, vzeroupper, avx512_vpopcntdq, avx512_vpclmulqdq, avx512_vaes, avx512_vnni, clflush, clflushopt, avx512_vbmi2, avx512_vbmi

Memory: 4k page, system-wide physical 7987M (175M free)
TotalPageFile size 20487M (AvailPageFile size 5M)
current process WorkingSet (physical memory assigned to process): 325M, peak: 325M
current process commit charge ("private bytes"): 513M, peak: 514M

vm_info: OpenJDK 64-Bit Server VM (17.0.6+0-b2043.56-10027231) for windows-amd64 JRE (17.0.6+0-b2043.56-10027231), built on Apr 28 2023 00:43:19 by "androidbuild" with MS VC++ 16.10 / 16.11 (VS2019)

END.
